{"C:\\Users\\Admin\\Desktop\\Year-3-MSc-branch2\\frontend\\src\\App.js": {"path":"C:\\Users\\Admin\\Desktop\\Year-3-MSc-branch2\\frontend\\src\\App.js","statementMap":{"0":{"start":{"line":36,"column":12},"end":{"line":95,"column":1}},"1":{"start":{"line":37,"column":4},"end":{"line":62,"column":11}},"2":{"start":{"line":39,"column":26},"end":{"line":39,"column":69}},"3":{"start":{"line":40,"column":26},"end":{"line":40,"column":53}},"4":{"start":{"line":42,"column":8},"end":{"line":61,"column":9}},"5":{"start":{"line":44,"column":27},"end":{"line":44,"column":51}},"6":{"start":{"line":45,"column":12},"end":{"line":45,"column":68}},"7":{"start":{"line":48,"column":12},"end":{"line":48,"column":73}},"8":{"start":{"line":51,"column":33},"end":{"line":51,"column":76}},"9":{"start":{"line":52,"column":33},"end":{"line":52,"column":78}},"10":{"start":{"line":54,"column":12},"end":{"line":60,"column":13}},"11":{"start":{"line":55,"column":16},"end":{"line":55,"column":65}},"12":{"start":{"line":56,"column":16},"end":{"line":56,"column":67}},"13":{"start":{"line":57,"column":19},"end":{"line":60,"column":13}},"14":{"start":{"line":58,"column":16},"end":{"line":58,"column":63}},"15":{"start":{"line":59,"column":16},"end":{"line":59,"column":52}},"16":{"start":{"line":64,"column":4},"end":{"line":94,"column":6}}},"fnMap":{"0":{"name":"(anonymous_0)","decl":{"start":{"line":36,"column":12},"end":{"line":36,"column":13}},"loc":{"start":{"line":36,"column":18},"end":{"line":95,"column":1}},"line":36},"1":{"name":"(anonymous_1)","decl":{"start":{"line":37,"column":14},"end":{"line":37,"column":15}},"loc":{"start":{"line":37,"column":20},"end":{"line":62,"column":5}},"line":37}},"branchMap":{"0":{"loc":{"start":{"line":42,"column":8},"end":{"line":61,"column":9}},"type":"if","locations":[{"start":{"line":42,"column":8},"end":{"line":61,"column":9}},{"start":{},"end":{}}],"line":42},"1":{"loc":{"start":{"line":54,"column":12},"end":{"line":60,"column":13}},"type":"if","locations":[{"start":{"line":54,"column":12},"end":{"line":60,"column":13}},{"start":{"line":57,"column":19},"end":{"line":60,"column":13}}],"line":54},"2":{"loc":{"start":{"line":57,"column":19},"end":{"line":60,"column":13}},"type":"if","locations":[{"start":{"line":57,"column":19},"end":{"line":60,"column":13}},{"start":{},"end":{}}],"line":57}},"s":{"0":0,"1":0,"2":0,"3":0,"4":0,"5":0,"6":0,"7":0,"8":0,"9":0,"10":0,"11":0,"12":0,"13":0,"14":0,"15":0,"16":0},"f":{"0":0,"1":0},"b":{"0":[0,0],"1":[0,0],"2":[0,0]}}
,"C:\\Users\\Admin\\Desktop\\Year-3-MSc-branch2\\frontend\\src\\index.js": {"path":"C:\\Users\\Admin\\Desktop\\Year-3-MSc-branch2\\frontend\\src\\index.js","statementMap":{"0":{"start":{"line":5,"column":13},"end":{"line":5,"column":65}},"1":{"start":{"line":7,"column":0},"end":{"line":11,"column":2}}},"fnMap":{},"branchMap":{},"s":{"0":0,"1":0},"f":{},"b":{}}
,"C:\\Users\\Admin\\Desktop\\Year-3-MSc-branch2\\frontend\\src\\store.js": {"path":"C:\\Users\\Admin\\Desktop\\Year-3-MSc-branch2\\frontend\\src\\store.js","statementMap":{"0":{"start":{"line":5,"column":14},"end":{"line":8,"column":4}}},"fnMap":{},"branchMap":{},"s":{"0":0},"f":{},"b":{}}
,"C:\\Users\\Admin\\Desktop\\Year-3-MSc-branch2\\frontend\\src\\actions\\auth.js": {"path":"C:\\Users\\Admin\\Desktop\\Year-3-MSc-branch2\\frontend\\src\\actions\\auth.js","statementMap":{"0":{"start":{"line":20,"column":34},"end":{"line":36,"column":1}},"1":{"start":{"line":20,"column":40},"end":{"line":36,"column":1}},"2":{"start":{"line":22,"column":8},"end":{"line":35,"column":9}},"3":{"start":{"line":23,"column":24},"end":{"line":25,"column":14}},"4":{"start":{"line":27,"column":12},"end":{"line":30,"column":15}},"5":{"start":{"line":32,"column":12},"end":{"line":34,"column":15}},"6":{"start":{"line":39,"column":25},"end":{"line":65,"column":1}},"7":{"start":{"line":39,"column":31},"end":{"line":65,"column":1}},"8":{"start":{"line":40,"column":4},"end":{"line":64,"column":5}},"9":{"start":{"line":41,"column":23},"end":{"line":46,"column":9}},"10":{"start":{"line":48,"column":8},"end":{"line":59,"column":9}},"11":{"start":{"line":49,"column":24},"end":{"line":49,"column":106}},"12":{"start":{"line":51,"column":12},"end":{"line":54,"column":15}},"13":{"start":{"line":56,"column":12},"end":{"line":58,"column":15}},"14":{"start":{"line":61,"column":8},"end":{"line":63,"column":11}},"15":{"start":{"line":67,"column":22},"end":{"line":94,"column":1}},"16":{"start":{"line":67,"column":62},"end":{"line":94,"column":1}},"17":{"start":{"line":68,"column":19},"end":{"line":73,"column":5}},"18":{"start":{"line":75,"column":17},"end":{"line":75,"column":71}},"19":{"start":{"line":77,"column":4},"end":{"line":93,"column":5}},"20":{"start":{"line":78,"column":20},"end":{"line":78,"column":106}},"21":{"start":{"line":80,"column":8},"end":{"line":83,"column":11}},"22":{"start":{"line":85,"column":8},"end":{"line":85,"column":25}},"23":{"start":{"line":87,"column":8},"end":{"line":89,"column":11}},"24":{"start":{"line":92,"column":8},"end":{"line":92,"column":78}},"25":{"start":{"line":96,"column":22},"end":{"line":119,"column":1}},"26":{"start":{"line":96,"column":38},"end":{"line":119,"column":1}},"27":{"start":{"line":98,"column":19},"end":{"line":103,"column":5}},"28":{"start":{"line":105,"column":17},"end":{"line":105,"column":47}},"29":{"start":{"line":107,"column":4},"end":{"line":118,"column":5}},"30":{"start":{"line":108,"column":20},"end":{"line":108,"column":117}},"31":{"start":{"line":110,"column":8},"end":{"line":113,"column":11}},"32":{"start":{"line":115,"column":8},"end":{"line":117,"column":11}},"33":{"start":{"line":122,"column":21},"end":{"line":147,"column":1}},"34":{"start":{"line":122,"column":42},"end":{"line":147,"column":1}},"35":{"start":{"line":124,"column":17},"end":{"line":124,"column":52}},"36":{"start":{"line":126,"column":4},"end":{"line":126,"column":48}},"37":{"start":{"line":128,"column":4},"end":{"line":146,"column":5}},"38":{"start":{"line":129,"column":20},"end":{"line":129,"column":103}},"39":{"start":{"line":131,"column":8},"end":{"line":138,"column":11}},"40":{"start":{"line":140,"column":8},"end":{"line":140,"column":30}},"41":{"start":{"line":142,"column":8},"end":{"line":145,"column":11}},"42":{"start":{"line":149,"column":31},"end":{"line":153,"column":1}},"43":{"start":{"line":149,"column":37},"end":{"line":153,"column":1}},"44":{"start":{"line":150,"column":4},"end":{"line":152,"column":7}},"45":{"start":{"line":156,"column":30},"end":{"line":177,"column":1}},"46":{"start":{"line":156,"column":41},"end":{"line":177,"column":1}},"47":{"start":{"line":157,"column":19},"end":{"line":162,"column":5}},"48":{"start":{"line":164,"column":18},"end":{"line":164,"column":43}},"49":{"start":{"line":166,"column":5},"end":{"line":176,"column":6}},"50":{"start":{"line":167,"column":8},"end":{"line":167,"column":110}},"51":{"start":{"line":169,"column":8},"end":{"line":171,"column":11}},"52":{"start":{"line":173,"column":8},"end":{"line":175,"column":11}},"53":{"start":{"line":179,"column":38},"end":{"line":200,"column":1}},"54":{"start":{"line":179,"column":85},"end":{"line":200,"column":1}},"55":{"start":{"line":180,"column":19},"end":{"line":185,"column":5}},"56":{"start":{"line":187,"column":17},"end":{"line":187,"column":78}},"57":{"start":{"line":189,"column":4},"end":{"line":199,"column":6}},"58":{"start":{"line":190,"column":8},"end":{"line":190,"column":118}},"59":{"start":{"line":192,"column":8},"end":{"line":194,"column":11}},"60":{"start":{"line":196,"column":8},"end":{"line":198,"column":11}},"61":{"start":{"line":202,"column":22},"end":{"line":234,"column":1}},"62":{"start":{"line":202,"column":28},"end":{"line":234,"column":1}},"63":{"start":{"line":203,"column":4},"end":{"line":233,"column":5}},"64":{"start":{"line":205,"column":23},"end":{"line":210,"column":9}},"65":{"start":{"line":212,"column":8},"end":{"line":212,"column":94}},"66":{"start":{"line":215,"column":8},"end":{"line":215,"column":42}},"67":{"start":{"line":216,"column":8},"end":{"line":216,"column":43}},"68":{"start":{"line":219,"column":8},"end":{"line":221,"column":11}},"69":{"start":{"line":223,"column":8},"end":{"line":223,"column":44}},"70":{"start":{"line":227,"column":8},"end":{"line":227,"column":42}},"71":{"start":{"line":228,"column":8},"end":{"line":228,"column":43}},"72":{"start":{"line":230,"column":8},"end":{"line":232,"column":11}}},"fnMap":{"0":{"name":"(anonymous_0)","decl":{"start":{"line":20,"column":34},"end":{"line":20,"column":35}},"loc":{"start":{"line":20,"column":40},"end":{"line":36,"column":1}},"line":20},"1":{"name":"(anonymous_1)","decl":{"start":{"line":20,"column":40},"end":{"line":20,"column":41}},"loc":{"start":{"line":20,"column":58},"end":{"line":36,"column":1}},"line":20},"2":{"name":"(anonymous_2)","decl":{"start":{"line":39,"column":25},"end":{"line":39,"column":26}},"loc":{"start":{"line":39,"column":31},"end":{"line":65,"column":1}},"line":39},"3":{"name":"(anonymous_3)","decl":{"start":{"line":39,"column":31},"end":{"line":39,"column":32}},"loc":{"start":{"line":39,"column":49},"end":{"line":65,"column":1}},"line":39},"4":{"name":"(anonymous_4)","decl":{"start":{"line":67,"column":22},"end":{"line":67,"column":23}},"loc":{"start":{"line":67,"column":62},"end":{"line":94,"column":1}},"line":67},"5":{"name":"(anonymous_5)","decl":{"start":{"line":67,"column":62},"end":{"line":67,"column":63}},"loc":{"start":{"line":67,"column":80},"end":{"line":94,"column":1}},"line":67},"6":{"name":"(anonymous_6)","decl":{"start":{"line":96,"column":22},"end":{"line":96,"column":23}},"loc":{"start":{"line":96,"column":38},"end":{"line":119,"column":1}},"line":96},"7":{"name":"(anonymous_7)","decl":{"start":{"line":96,"column":38},"end":{"line":96,"column":39}},"loc":{"start":{"line":96,"column":56},"end":{"line":119,"column":1}},"line":96},"8":{"name":"(anonymous_8)","decl":{"start":{"line":122,"column":21},"end":{"line":122,"column":22}},"loc":{"start":{"line":122,"column":42},"end":{"line":147,"column":1}},"line":122},"9":{"name":"(anonymous_9)","decl":{"start":{"line":122,"column":42},"end":{"line":122,"column":43}},"loc":{"start":{"line":122,"column":60},"end":{"line":147,"column":1}},"line":122},"10":{"name":"(anonymous_10)","decl":{"start":{"line":149,"column":31},"end":{"line":149,"column":32}},"loc":{"start":{"line":149,"column":37},"end":{"line":153,"column":1}},"line":149},"11":{"name":"(anonymous_11)","decl":{"start":{"line":149,"column":37},"end":{"line":149,"column":38}},"loc":{"start":{"line":149,"column":51},"end":{"line":153,"column":1}},"line":149},"12":{"name":"(anonymous_12)","decl":{"start":{"line":156,"column":30},"end":{"line":156,"column":31}},"loc":{"start":{"line":156,"column":41},"end":{"line":177,"column":1}},"line":156},"13":{"name":"(anonymous_13)","decl":{"start":{"line":156,"column":41},"end":{"line":156,"column":42}},"loc":{"start":{"line":156,"column":59},"end":{"line":177,"column":1}},"line":156},"14":{"name":"(anonymous_14)","decl":{"start":{"line":179,"column":38},"end":{"line":179,"column":39}},"loc":{"start":{"line":179,"column":85},"end":{"line":200,"column":1}},"line":179},"15":{"name":"(anonymous_15)","decl":{"start":{"line":179,"column":85},"end":{"line":179,"column":86}},"loc":{"start":{"line":179,"column":103},"end":{"line":200,"column":1}},"line":179},"16":{"name":"(anonymous_16)","decl":{"start":{"line":202,"column":22},"end":{"line":202,"column":23}},"loc":{"start":{"line":202,"column":28},"end":{"line":234,"column":1}},"line":202},"17":{"name":"(anonymous_17)","decl":{"start":{"line":202,"column":28},"end":{"line":202,"column":29}},"loc":{"start":{"line":202,"column":46},"end":{"line":234,"column":1}},"line":202}},"branchMap":{"0":{"loc":{"start":{"line":40,"column":4},"end":{"line":64,"column":5}},"type":"if","locations":[{"start":{"line":40,"column":4},"end":{"line":64,"column":5}},{"start":{"line":60,"column":11},"end":{"line":64,"column":5}}],"line":40},"1":{"loc":{"start":{"line":92,"column":14},"end":{"line":92,"column":77}},"type":"binary-expr","locations":[{"start":{"line":92,"column":14},"end":{"line":92,"column":39}},{"start":{"line":92,"column":43},"end":{"line":92,"column":77}}],"line":92}},"s":{"0":4,"1":0,"2":0,"3":0,"4":0,"5":0,"6":4,"7":5,"8":5,"9":4,"10":4,"11":4,"12":4,"13":1,"14":1,"15":4,"16":3,"17":3,"18":3,"19":3,"20":3,"21":2,"22":2,"23":1,"24":1,"25":4,"26":0,"27":0,"28":0,"29":0,"30":0,"31":0,"32":0,"33":4,"34":5,"35":5,"36":5,"37":5,"38":5,"39":3,"40":3,"41":2,"42":4,"43":0,"44":0,"45":4,"46":0,"47":0,"48":0,"49":0,"50":0,"51":0,"52":0,"53":4,"54":0,"55":0,"56":0,"57":0,"58":0,"59":0,"60":0,"61":4,"62":3,"63":3,"64":3,"65":3,"66":2,"67":2,"68":2,"69":1,"70":1,"71":1,"72":1},"f":{"0":0,"1":0,"2":5,"3":5,"4":3,"5":3,"6":0,"7":0,"8":5,"9":5,"10":0,"11":0,"12":0,"13":0,"14":0,"15":0,"16":3,"17":3},"b":{"0":[4,1],"1":[1,0]},"_coverageSchema":"1a1c01bbd47fc00a2c39e90264f33305004495a9","hash":"dfdb406510161bc5ec1f2b07c94637b43129ded7"}
,"C:\\Users\\Admin\\Desktop\\Year-3-MSc-branch2\\frontend\\src\\actions\\googledrive.js": {"path":"C:\\Users\\Admin\\Desktop\\Year-3-MSc-branch2\\frontend\\src\\actions\\googledrive.js","statementMap":{"0":{"start":{"line":18,"column":36},"end":{"line":36,"column":1}},"1":{"start":{"line":18,"column":42},"end":{"line":36,"column":1}},"2":{"start":{"line":19,"column":2},"end":{"line":35,"column":3}},"3":{"start":{"line":20,"column":4},"end":{"line":22,"column":7}},"4":{"start":{"line":24,"column":4},"end":{"line":26,"column":7}},"5":{"start":{"line":28,"column":4},"end":{"line":28,"column":16}},"6":{"start":{"line":30,"column":4},"end":{"line":32,"column":7}},"7":{"start":{"line":34,"column":4},"end":{"line":34,"column":17}},"8":{"start":{"line":39,"column":32},"end":{"line":68,"column":1}},"9":{"start":{"line":39,"column":57},"end":{"line":68,"column":1}},"10":{"start":{"line":41,"column":2},"end":{"line":45,"column":3}},"11":{"start":{"line":42,"column":4},"end":{"line":42,"column":64}},"12":{"start":{"line":44,"column":4},"end":{"line":44,"column":76}},"13":{"start":{"line":47,"column":2},"end":{"line":67,"column":3}},"14":{"start":{"line":49,"column":16},"end":{"line":52,"column":5}},"15":{"start":{"line":55,"column":23},"end":{"line":55,"column":43}},"16":{"start":{"line":56,"column":4},"end":{"line":56,"column":65}},"17":{"start":{"line":59,"column":4},"end":{"line":59,"column":45}},"18":{"start":{"line":62,"column":4},"end":{"line":62,"column":65}},"19":{"start":{"line":63,"column":4},"end":{"line":66,"column":7}},"20":{"start":{"line":71,"column":30},"end":{"line":114,"column":1}},"21":{"start":{"line":71,"column":87},"end":{"line":114,"column":1}},"22":{"start":{"line":72,"column":21},"end":{"line":72,"column":30}},"23":{"start":{"line":73,"column":20},"end":{"line":73,"column":59}},"24":{"start":{"line":75,"column":4},"end":{"line":75,"column":25}},"25":{"start":{"line":76,"column":4},"end":{"line":76,"column":30}},"26":{"start":{"line":78,"column":4},"end":{"line":113,"column":5}},"27":{"start":{"line":79,"column":8},"end":{"line":90,"column":9}},"28":{"start":{"line":80,"column":32},"end":{"line":80,"column":56}},"29":{"start":{"line":81,"column":27},"end":{"line":81,"column":71}},"30":{"start":{"line":82,"column":28},"end":{"line":82,"column":64}},"31":{"start":{"line":83,"column":12},"end":{"line":83,"column":36}},"32":{"start":{"line":85,"column":12},"end":{"line":85,"column":79}},"33":{"start":{"line":87,"column":12},"end":{"line":87,"column":60}},"34":{"start":{"line":88,"column":12},"end":{"line":88,"column":50}},"35":{"start":{"line":89,"column":12},"end":{"line":89,"column":53}},"36":{"start":{"line":91,"column":11},"end":{"line":113,"column":5}},"37":{"start":{"line":92,"column":8},"end":{"line":109,"column":9}},"38":{"start":{"line":93,"column":27},"end":{"line":93,"column":43}},"39":{"start":{"line":94,"column":12},"end":{"line":103,"column":14}},"40":{"start":{"line":95,"column":34},"end":{"line":95,"column":49}},"41":{"start":{"line":96,"column":29},"end":{"line":99,"column":29}},"42":{"start":{"line":98,"column":35},"end":{"line":98,"column":58}},"43":{"start":{"line":100,"column":16},"end":{"line":100,"column":37}},"44":{"start":{"line":102,"column":16},"end":{"line":102,"column":75}},"45":{"start":{"line":104,"column":12},"end":{"line":104,"column":36}},"46":{"start":{"line":106,"column":12},"end":{"line":106,"column":59}},"47":{"start":{"line":107,"column":12},"end":{"line":107,"column":49}},"48":{"start":{"line":108,"column":12},"end":{"line":108,"column":53}},"49":{"start":{"line":111,"column":8},"end":{"line":111,"column":78}},"50":{"start":{"line":112,"column":8},"end":{"line":112,"column":49}},"51":{"start":{"line":117,"column":27},"end":{"line":147,"column":1}},"52":{"start":{"line":117,"column":104},"end":{"line":147,"column":1}},"53":{"start":{"line":118,"column":4},"end":{"line":118,"column":24}},"54":{"start":{"line":120,"column":4},"end":{"line":146,"column":5}},"55":{"start":{"line":121,"column":20},"end":{"line":125,"column":9}},"56":{"start":{"line":126,"column":21},"end":{"line":126,"column":55}},"57":{"start":{"line":127,"column":22},"end":{"line":127,"column":50}},"58":{"start":{"line":128,"column":22},"end":{"line":128,"column":51}},"59":{"start":{"line":129,"column":8},"end":{"line":129,"column":33}},"60":{"start":{"line":131,"column":8},"end":{"line":131,"column":30}},"61":{"start":{"line":132,"column":8},"end":{"line":132,"column":29}},"62":{"start":{"line":134,"column":8},"end":{"line":137,"column":11}},"63":{"start":{"line":139,"column":8},"end":{"line":139,"column":27}},"64":{"start":{"line":140,"column":8},"end":{"line":140,"column":44}},"65":{"start":{"line":141,"column":8},"end":{"line":143,"column":11}},"66":{"start":{"line":145,"column":8},"end":{"line":145,"column":29}},"67":{"start":{"line":150,"column":28},"end":{"line":155,"column":1}},"68":{"start":{"line":150,"column":43},"end":{"line":155,"column":1}},"69":{"start":{"line":151,"column":4},"end":{"line":154,"column":7}},"70":{"start":{"line":158,"column":32},"end":{"line":163,"column":1}},"71":{"start":{"line":158,"column":44},"end":{"line":163,"column":1}},"72":{"start":{"line":159,"column":4},"end":{"line":162,"column":7}}},"fnMap":{"0":{"name":"(anonymous_0)","decl":{"start":{"line":18,"column":36},"end":{"line":18,"column":37}},"loc":{"start":{"line":18,"column":42},"end":{"line":36,"column":1}},"line":18},"1":{"name":"(anonymous_1)","decl":{"start":{"line":18,"column":42},"end":{"line":18,"column":43}},"loc":{"start":{"line":18,"column":60},"end":{"line":36,"column":1}},"line":18},"2":{"name":"(anonymous_2)","decl":{"start":{"line":39,"column":32},"end":{"line":39,"column":33}},"loc":{"start":{"line":39,"column":57},"end":{"line":68,"column":1}},"line":39},"3":{"name":"(anonymous_3)","decl":{"start":{"line":39,"column":57},"end":{"line":39,"column":58}},"loc":{"start":{"line":39,"column":69},"end":{"line":68,"column":1}},"line":39},"4":{"name":"(anonymous_4)","decl":{"start":{"line":71,"column":30},"end":{"line":71,"column":31}},"loc":{"start":{"line":71,"column":87},"end":{"line":114,"column":1}},"line":71},"5":{"name":"(anonymous_5)","decl":{"start":{"line":71,"column":87},"end":{"line":71,"column":88}},"loc":{"start":{"line":71,"column":105},"end":{"line":114,"column":1}},"line":71},"6":{"name":"(anonymous_6)","decl":{"start":{"line":94,"column":28},"end":{"line":94,"column":29}},"loc":{"start":{"line":94,"column":35},"end":{"line":103,"column":13}},"line":94},"7":{"name":"(anonymous_7)","decl":{"start":{"line":98,"column":25},"end":{"line":98,"column":26}},"loc":{"start":{"line":98,"column":35},"end":{"line":98,"column":58}},"line":98},"8":{"name":"(anonymous_8)","decl":{"start":{"line":117,"column":27},"end":{"line":117,"column":28}},"loc":{"start":{"line":117,"column":104},"end":{"line":147,"column":1}},"line":117},"9":{"name":"(anonymous_9)","decl":{"start":{"line":117,"column":104},"end":{"line":117,"column":105}},"loc":{"start":{"line":117,"column":122},"end":{"line":147,"column":1}},"line":117},"10":{"name":"(anonymous_10)","decl":{"start":{"line":150,"column":28},"end":{"line":150,"column":29}},"loc":{"start":{"line":150,"column":43},"end":{"line":155,"column":1}},"line":150},"11":{"name":"(anonymous_11)","decl":{"start":{"line":150,"column":43},"end":{"line":150,"column":44}},"loc":{"start":{"line":150,"column":55},"end":{"line":155,"column":1}},"line":150},"12":{"name":"(anonymous_12)","decl":{"start":{"line":158,"column":32},"end":{"line":158,"column":33}},"loc":{"start":{"line":158,"column":44},"end":{"line":163,"column":1}},"line":158},"13":{"name":"(anonymous_13)","decl":{"start":{"line":158,"column":44},"end":{"line":158,"column":45}},"loc":{"start":{"line":158,"column":56},"end":{"line":163,"column":1}},"line":158}},"branchMap":{"0":{"loc":{"start":{"line":39,"column":33},"end":{"line":39,"column":52}},"type":"default-arg","locations":[{"start":{"line":39,"column":48},"end":{"line":39,"column":52}}],"line":39},"1":{"loc":{"start":{"line":41,"column":2},"end":{"line":45,"column":3}},"type":"if","locations":[{"start":{"line":41,"column":2},"end":{"line":45,"column":3}},{"start":{"line":43,"column":9},"end":{"line":45,"column":3}}],"line":41},"2":{"loc":{"start":{"line":65,"column":15},"end":{"line":65,"column":81}},"type":"binary-expr","locations":[{"start":{"line":65,"column":15},"end":{"line":65,"column":35}},{"start":{"line":65,"column":39},"end":{"line":65,"column":81}}],"line":65},"3":{"loc":{"start":{"line":76,"column":12},"end":{"line":76,"column":29}},"type":"binary-expr","locations":[{"start":{"line":76,"column":12},"end":{"line":76,"column":17}},{"start":{"line":76,"column":21},"end":{"line":76,"column":29}}],"line":76},"4":{"loc":{"start":{"line":78,"column":4},"end":{"line":113,"column":5}},"type":"if","locations":[{"start":{"line":78,"column":4},"end":{"line":113,"column":5}},{"start":{"line":91,"column":11},"end":{"line":113,"column":5}}],"line":78},"5":{"loc":{"start":{"line":91,"column":11},"end":{"line":113,"column":5}},"type":"if","locations":[{"start":{"line":91,"column":11},"end":{"line":113,"column":5}},{"start":{"line":110,"column":11},"end":{"line":113,"column":5}}],"line":91}},"s":{"0":0,"1":0,"2":0,"3":0,"4":0,"5":0,"6":0,"7":0,"8":0,"9":0,"10":0,"11":0,"12":0,"13":0,"14":0,"15":0,"16":0,"17":0,"18":0,"19":0,"20":0,"21":0,"22":0,"23":0,"24":0,"25":0,"26":0,"27":0,"28":0,"29":0,"30":0,"31":0,"32":0,"33":0,"34":0,"35":0,"36":0,"37":0,"38":0,"39":0,"40":0,"41":0,"42":0,"43":0,"44":0,"45":0,"46":0,"47":0,"48":0,"49":0,"50":0,"51":0,"52":0,"53":0,"54":0,"55":0,"56":0,"57":0,"58":0,"59":0,"60":0,"61":0,"62":0,"63":0,"64":0,"65":0,"66":0,"67":0,"68":0,"69":0,"70":0,"71":0,"72":0},"f":{"0":0,"1":0,"2":0,"3":0,"4":0,"5":0,"6":0,"7":0,"8":0,"9":0,"10":0,"11":0,"12":0,"13":0},"b":{"0":[0],"1":[0,0],"2":[0,0],"3":[0,0],"4":[0,0],"5":[0,0]}}
,"C:\\Users\\Admin\\Desktop\\Year-3-MSc-branch2\\frontend\\src\\actions\\task.js": {"path":"C:\\Users\\Admin\\Desktop\\Year-3-MSc-branch2\\frontend\\src\\actions\\task.js","statementMap":{"0":{"start":{"line":30,"column":40},"end":{"line":41,"column":1}},"1":{"start":{"line":31,"column":4},"end":{"line":40,"column":5}},"2":{"start":{"line":33,"column":12},"end":{"line":33,"column":91}},"3":{"start":{"line":35,"column":12},"end":{"line":35,"column":88}},"4":{"start":{"line":37,"column":12},"end":{"line":37,"column":92}},"5":{"start":{"line":39,"column":12},"end":{"line":39,"column":99}},"6":{"start":{"line":44,"column":26},"end":{"line":82,"column":1}},"7":{"start":{"line":44,"column":44},"end":{"line":82,"column":1}},"8":{"start":{"line":45,"column":4},"end":{"line":45,"column":41}},"9":{"start":{"line":47,"column":4},"end":{"line":81,"column":5}},"10":{"start":{"line":48,"column":20},"end":{"line":48,"column":85}},"11":{"start":{"line":50,"column":28},"end":{"line":50,"column":49}},"12":{"start":{"line":51,"column":8},"end":{"line":55,"column":11}},"13":{"start":{"line":52,"column":12},"end":{"line":54,"column":13}},"14":{"start":{"line":53,"column":16},"end":{"line":53,"column":47}},"15":{"start":{"line":57,"column":28},"end":{"line":57,"column":86}},"16":{"start":{"line":58,"column":25},"end":{"line":58,"column":72}},"17":{"start":{"line":60,"column":26},"end":{"line":60,"column":56}},"18":{"start":{"line":61,"column":26},"end":{"line":61,"column":56}},"19":{"start":{"line":63,"column":8},"end":{"line":66,"column":11}},"20":{"start":{"line":68,"column":8},"end":{"line":71,"column":11}},"21":{"start":{"line":73,"column":8},"end":{"line":73,"column":29}},"22":{"start":{"line":75,"column":8},"end":{"line":75,"column":52}},"23":{"start":{"line":77,"column":8},"end":{"line":77,"column":99}},"24":{"start":{"line":78,"column":8},"end":{"line":78,"column":101}},"25":{"start":{"line":80,"column":8},"end":{"line":80,"column":18}},"26":{"start":{"line":85,"column":30},"end":{"line":107,"column":1}},"27":{"start":{"line":85,"column":42},"end":{"line":107,"column":1}},"28":{"start":{"line":86,"column":4},"end":{"line":86,"column":41}},"29":{"start":{"line":88,"column":4},"end":{"line":106,"column":5}},"30":{"start":{"line":89,"column":25},"end":{"line":89,"column":105}},"31":{"start":{"line":91,"column":8},"end":{"line":94,"column":11}},"32":{"start":{"line":96,"column":8},"end":{"line":96,"column":29}},"33":{"start":{"line":98,"column":8},"end":{"line":98,"column":75}},"34":{"start":{"line":100,"column":8},"end":{"line":103,"column":11}},"35":{"start":{"line":105,"column":8},"end":{"line":105,"column":18}},"36":{"start":{"line":110,"column":26},"end":{"line":143,"column":1}},"37":{"start":{"line":110,"column":40},"end":{"line":143,"column":1}},"38":{"start":{"line":111,"column":4},"end":{"line":111,"column":41}},"39":{"start":{"line":113,"column":4},"end":{"line":142,"column":5}},"40":{"start":{"line":114,"column":25},"end":{"line":114,"column":106}},"41":{"start":{"line":116,"column":8},"end":{"line":119,"column":11}},"42":{"start":{"line":122,"column":8},"end":{"line":125,"column":11}},"43":{"start":{"line":127,"column":8},"end":{"line":127,"column":29}},"44":{"start":{"line":129,"column":8},"end":{"line":129,"column":67}},"45":{"start":{"line":131,"column":8},"end":{"line":134,"column":11}},"46":{"start":{"line":136,"column":8},"end":{"line":139,"column":11}},"47":{"start":{"line":141,"column":8},"end":{"line":141,"column":18}},"48":{"start":{"line":146,"column":26},"end":{"line":179,"column":1}},"49":{"start":{"line":146,"column":48},"end":{"line":179,"column":1}},"50":{"start":{"line":147,"column":4},"end":{"line":147,"column":41}},"51":{"start":{"line":149,"column":4},"end":{"line":178,"column":5}},"52":{"start":{"line":150,"column":25},"end":{"line":150,"column":115}},"53":{"start":{"line":152,"column":8},"end":{"line":155,"column":11}},"54":{"start":{"line":158,"column":8},"end":{"line":161,"column":11}},"55":{"start":{"line":163,"column":8},"end":{"line":163,"column":29}},"56":{"start":{"line":165,"column":8},"end":{"line":165,"column":67}},"57":{"start":{"line":167,"column":8},"end":{"line":170,"column":11}},"58":{"start":{"line":172,"column":8},"end":{"line":175,"column":11}},"59":{"start":{"line":177,"column":8},"end":{"line":177,"column":18}},"60":{"start":{"line":182,"column":24},"end":{"line":182,"column":34}},"61":{"start":{"line":185,"column":32},"end":{"line":207,"column":1}},"62":{"start":{"line":185,"column":52},"end":{"line":207,"column":1}},"63":{"start":{"line":186,"column":4},"end":{"line":206,"column":5}},"64":{"start":{"line":188,"column":36},"end":{"line":188,"column":116}},"65":{"start":{"line":191,"column":28},"end":{"line":194,"column":9}},"66":{"start":{"line":196,"column":8},"end":{"line":196,"column":57}},"67":{"start":{"line":198,"column":8},"end":{"line":198,"column":74}},"68":{"start":{"line":200,"column":8},"end":{"line":203,"column":11}},"69":{"start":{"line":205,"column":8},"end":{"line":205,"column":18}},"70":{"start":{"line":210,"column":26},"end":{"line":243,"column":1}},"71":{"start":{"line":210,"column":38},"end":{"line":243,"column":1}},"72":{"start":{"line":211,"column":4},"end":{"line":211,"column":41}},"73":{"start":{"line":213,"column":4},"end":{"line":242,"column":5}},"74":{"start":{"line":214,"column":8},"end":{"line":214,"column":92}},"75":{"start":{"line":216,"column":8},"end":{"line":219,"column":11}},"76":{"start":{"line":222,"column":8},"end":{"line":225,"column":11}},"77":{"start":{"line":227,"column":8},"end":{"line":227,"column":20}},"78":{"start":{"line":229,"column":8},"end":{"line":229,"column":67}},"79":{"start":{"line":231,"column":8},"end":{"line":234,"column":11}},"80":{"start":{"line":236,"column":8},"end":{"line":239,"column":11}},"81":{"start":{"line":241,"column":8},"end":{"line":241,"column":18}}},"fnMap":{"0":{"name":"(anonymous_0)","decl":{"start":{"line":30,"column":40},"end":{"line":30,"column":41}},"loc":{"start":{"line":30,"column":52},"end":{"line":41,"column":1}},"line":30},"1":{"name":"(anonymous_1)","decl":{"start":{"line":44,"column":26},"end":{"line":44,"column":27}},"loc":{"start":{"line":44,"column":44},"end":{"line":82,"column":1}},"line":44},"2":{"name":"(anonymous_2)","decl":{"start":{"line":44,"column":44},"end":{"line":44,"column":45}},"loc":{"start":{"line":44,"column":62},"end":{"line":82,"column":1}},"line":44},"3":{"name":"(anonymous_3)","decl":{"start":{"line":51,"column":40},"end":{"line":51,"column":41}},"loc":{"start":{"line":51,"column":58},"end":{"line":55,"column":9}},"line":51},"4":{"name":"(anonymous_4)","decl":{"start":{"line":85,"column":30},"end":{"line":85,"column":31}},"loc":{"start":{"line":85,"column":42},"end":{"line":107,"column":1}},"line":85},"5":{"name":"(anonymous_5)","decl":{"start":{"line":85,"column":42},"end":{"line":85,"column":43}},"loc":{"start":{"line":85,"column":60},"end":{"line":107,"column":1}},"line":85},"6":{"name":"(anonymous_6)","decl":{"start":{"line":110,"column":26},"end":{"line":110,"column":27}},"loc":{"start":{"line":110,"column":40},"end":{"line":143,"column":1}},"line":110},"7":{"name":"(anonymous_7)","decl":{"start":{"line":110,"column":40},"end":{"line":110,"column":41}},"loc":{"start":{"line":110,"column":58},"end":{"line":143,"column":1}},"line":110},"8":{"name":"(anonymous_8)","decl":{"start":{"line":146,"column":26},"end":{"line":146,"column":27}},"loc":{"start":{"line":146,"column":48},"end":{"line":179,"column":1}},"line":146},"9":{"name":"(anonymous_9)","decl":{"start":{"line":146,"column":48},"end":{"line":146,"column":49}},"loc":{"start":{"line":146,"column":66},"end":{"line":179,"column":1}},"line":146},"10":{"name":"(anonymous_10)","decl":{"start":{"line":185,"column":32},"end":{"line":185,"column":33}},"loc":{"start":{"line":185,"column":52},"end":{"line":207,"column":1}},"line":185},"11":{"name":"(anonymous_11)","decl":{"start":{"line":185,"column":52},"end":{"line":185,"column":53}},"loc":{"start":{"line":185,"column":70},"end":{"line":207,"column":1}},"line":185},"12":{"name":"(anonymous_12)","decl":{"start":{"line":210,"column":26},"end":{"line":210,"column":27}},"loc":{"start":{"line":210,"column":38},"end":{"line":243,"column":1}},"line":210},"13":{"name":"(anonymous_13)","decl":{"start":{"line":210,"column":38},"end":{"line":210,"column":39}},"loc":{"start":{"line":210,"column":56},"end":{"line":243,"column":1}},"line":210}},"branchMap":{"0":{"loc":{"start":{"line":31,"column":4},"end":{"line":40,"column":5}},"type":"switch","locations":[{"start":{"line":32,"column":8},"end":{"line":33,"column":91}},{"start":{"line":34,"column":8},"end":{"line":35,"column":88}},{"start":{"line":36,"column":8},"end":{"line":37,"column":92}},{"start":{"line":38,"column":8},"end":{"line":39,"column":99}}],"line":31},"1":{"loc":{"start":{"line":44,"column":27},"end":{"line":44,"column":39}},"type":"default-arg","locations":[{"start":{"line":44,"column":37},"end":{"line":44,"column":39}}],"line":44},"2":{"loc":{"start":{"line":52,"column":12},"end":{"line":54,"column":13}},"type":"if","locations":[{"start":{"line":52,"column":12},"end":{"line":54,"column":13}},{"start":{},"end":{}}],"line":52},"3":{"loc":{"start":{"line":52,"column":16},"end":{"line":52,"column":69}},"type":"binary-expr","locations":[{"start":{"line":52,"column":16},"end":{"line":52,"column":30}},{"start":{"line":52,"column":34},"end":{"line":52,"column":53}},{"start":{"line":52,"column":57},"end":{"line":52,"column":69}}],"line":52},"4":{"loc":{"start":{"line":57,"column":28},"end":{"line":57,"column":86}},"type":"cond-expr","locations":[{"start":{"line":57,"column":53},"end":{"line":57,"column":81}},{"start":{"line":57,"column":84},"end":{"line":57,"column":86}}],"line":57},"5":{"loc":{"start":{"line":60,"column":26},"end":{"line":60,"column":56}},"type":"binary-expr","locations":[{"start":{"line":60,"column":26},"end":{"line":60,"column":50}},{"start":{"line":60,"column":54},"end":{"line":60,"column":56}}],"line":60},"6":{"loc":{"start":{"line":61,"column":26},"end":{"line":61,"column":56}},"type":"binary-expr","locations":[{"start":{"line":61,"column":26},"end":{"line":61,"column":50}},{"start":{"line":61,"column":54},"end":{"line":61,"column":56}}],"line":61},"7":{"loc":{"start":{"line":77,"column":50},"end":{"line":77,"column":95}},"type":"binary-expr","locations":[{"start":{"line":77,"column":50},"end":{"line":77,"column":68}},{"start":{"line":77,"column":72},"end":{"line":77,"column":95}}],"line":77},"8":{"loc":{"start":{"line":78,"column":52},"end":{"line":78,"column":97}},"type":"binary-expr","locations":[{"start":{"line":78,"column":52},"end":{"line":78,"column":70}},{"start":{"line":78,"column":74},"end":{"line":78,"column":97}}],"line":78},"9":{"loc":{"start":{"line":98,"column":54},"end":{"line":98,"column":73}},"type":"binary-expr","locations":[{"start":{"line":98,"column":54},"end":{"line":98,"column":66}},{"start":{"line":98,"column":70},"end":{"line":98,"column":73}}],"line":98},"10":{"loc":{"start":{"line":102,"column":21},"end":{"line":102,"column":73}},"type":"binary-expr","locations":[{"start":{"line":102,"column":21},"end":{"line":102,"column":39}},{"start":{"line":102,"column":43},"end":{"line":102,"column":73}}],"line":102},"11":{"loc":{"start":{"line":129,"column":46},"end":{"line":129,"column":65}},"type":"binary-expr","locations":[{"start":{"line":129,"column":46},"end":{"line":129,"column":58}},{"start":{"line":129,"column":62},"end":{"line":129,"column":65}}],"line":129},"12":{"loc":{"start":{"line":133,"column":21},"end":{"line":133,"column":66}},"type":"binary-expr","locations":[{"start":{"line":133,"column":21},"end":{"line":133,"column":39}},{"start":{"line":133,"column":43},"end":{"line":133,"column":66}}],"line":133},"13":{"loc":{"start":{"line":138,"column":21},"end":{"line":138,"column":66}},"type":"binary-expr","locations":[{"start":{"line":138,"column":21},"end":{"line":138,"column":39}},{"start":{"line":138,"column":43},"end":{"line":138,"column":66}}],"line":138},"14":{"loc":{"start":{"line":165,"column":46},"end":{"line":165,"column":65}},"type":"binary-expr","locations":[{"start":{"line":165,"column":46},"end":{"line":165,"column":58}},{"start":{"line":165,"column":62},"end":{"line":165,"column":65}}],"line":165},"15":{"loc":{"start":{"line":169,"column":21},"end":{"line":169,"column":66}},"type":"binary-expr","locations":[{"start":{"line":169,"column":21},"end":{"line":169,"column":39}},{"start":{"line":169,"column":43},"end":{"line":169,"column":66}}],"line":169},"16":{"loc":{"start":{"line":174,"column":21},"end":{"line":174,"column":66}},"type":"binary-expr","locations":[{"start":{"line":174,"column":21},"end":{"line":174,"column":39}},{"start":{"line":174,"column":43},"end":{"line":174,"column":66}}],"line":174},"17":{"loc":{"start":{"line":198,"column":53},"end":{"line":198,"column":72}},"type":"binary-expr","locations":[{"start":{"line":198,"column":53},"end":{"line":198,"column":65}},{"start":{"line":198,"column":69},"end":{"line":198,"column":72}}],"line":198},"18":{"loc":{"start":{"line":202,"column":21},"end":{"line":202,"column":73}},"type":"binary-expr","locations":[{"start":{"line":202,"column":21},"end":{"line":202,"column":39}},{"start":{"line":202,"column":43},"end":{"line":202,"column":73}}],"line":202},"19":{"loc":{"start":{"line":229,"column":46},"end":{"line":229,"column":65}},"type":"binary-expr","locations":[{"start":{"line":229,"column":46},"end":{"line":229,"column":58}},{"start":{"line":229,"column":62},"end":{"line":229,"column":65}}],"line":229},"20":{"loc":{"start":{"line":233,"column":21},"end":{"line":233,"column":66}},"type":"binary-expr","locations":[{"start":{"line":233,"column":21},"end":{"line":233,"column":39}},{"start":{"line":233,"column":43},"end":{"line":233,"column":66}}],"line":233},"21":{"loc":{"start":{"line":238,"column":21},"end":{"line":238,"column":66}},"type":"binary-expr","locations":[{"start":{"line":238,"column":21},"end":{"line":238,"column":39}},{"start":{"line":238,"column":43},"end":{"line":238,"column":66}}],"line":238}},"s":{"0":5,"1":0,"2":0,"3":0,"4":0,"5":0,"6":5,"7":3,"8":3,"9":3,"10":3,"11":3,"12":3,"13":0,"14":0,"15":3,"16":3,"17":2,"18":2,"19":2,"20":2,"21":2,"22":0,"23":0,"24":0,"25":0,"26":5,"27":6,"28":6,"29":6,"30":6,"31":5,"32":5,"33":1,"34":1,"35":1,"36":5,"37":1,"38":1,"39":1,"40":1,"41":1,"42":1,"43":1,"44":0,"45":0,"46":0,"47":0,"48":5,"49":1,"50":1,"51":1,"52":1,"53":1,"54":1,"55":1,"56":0,"57":0,"58":0,"59":0,"60":5,"61":5,"62":0,"63":0,"64":0,"65":0,"66":0,"67":0,"68":0,"69":0,"70":5,"71":0,"72":0,"73":0,"74":0,"75":0,"76":0,"77":0,"78":0,"79":0,"80":0,"81":0},"f":{"0":0,"1":3,"2":3,"3":0,"4":6,"5":6,"6":1,"7":1,"8":1,"9":1,"10":0,"11":0,"12":0,"13":0},"b":{"0":[0,0,0,0],"1":[3],"2":[0,0],"3":[0,0,0],"4":[0,3],"5":[2,1],"6":[2,1],"7":[0,0],"8":[0,0],"9":[1,1],"10":[1,1],"11":[0,0],"12":[0,0],"13":[0,0],"14":[0,0],"15":[0,0],"16":[0,0],"17":[0,0],"18":[0,0],"19":[0,0],"20":[0,0],"21":[0,0]},"_coverageSchema":"1a1c01bbd47fc00a2c39e90264f33305004495a9","hash":"42547be6f2e213866073c9c4dca230c0d56bd5ee"}
,"C:\\Users\\Admin\\Desktop\\Year-3-MSc-branch2\\frontend\\src\\actions\\team.js": {"path":"C:\\Users\\Admin\\Desktop\\Year-3-MSc-branch2\\frontend\\src\\actions\\team.js","statementMap":{"0":{"start":{"line":17,"column":26},"end":{"line":40,"column":1}},"1":{"start":{"line":17,"column":49},"end":{"line":40,"column":1}},"2":{"start":{"line":18,"column":19},"end":{"line":23,"column":5}},"3":{"start":{"line":25,"column":17},"end":{"line":25,"column":54}},"4":{"start":{"line":27,"column":4},"end":{"line":39,"column":5}},"5":{"start":{"line":28,"column":20},"end":{"line":28,"column":105}},"6":{"start":{"line":30,"column":8},"end":{"line":33,"column":11}},"7":{"start":{"line":35,"column":8},"end":{"line":37,"column":11}},"8":{"start":{"line":38,"column":8},"end":{"line":38,"column":18}},"9":{"start":{"line":42,"column":26},"end":{"line":67,"column":1}},"10":{"start":{"line":42,"column":38},"end":{"line":67,"column":1}},"11":{"start":{"line":43,"column":19},"end":{"line":48,"column":5}},"12":{"start":{"line":50,"column":4},"end":{"line":66,"column":5}},"13":{"start":{"line":51,"column":8},"end":{"line":51,"column":100}},"14":{"start":{"line":53,"column":8},"end":{"line":56,"column":11}},"15":{"start":{"line":58,"column":29},"end":{"line":58,"column":81}},"16":{"start":{"line":60,"column":8},"end":{"line":63,"column":11}},"17":{"start":{"line":65,"column":8},"end":{"line":65,"column":18}},"18":{"start":{"line":69,"column":24},"end":{"line":92,"column":1}},"19":{"start":{"line":69,"column":55},"end":{"line":92,"column":1}},"20":{"start":{"line":70,"column":19},"end":{"line":75,"column":5}},"21":{"start":{"line":77,"column":17},"end":{"line":77,"column":54}},"22":{"start":{"line":79,"column":4},"end":{"line":91,"column":5}},"23":{"start":{"line":80,"column":20},"end":{"line":80,"column":114}},"24":{"start":{"line":82,"column":8},"end":{"line":85,"column":11}},"25":{"start":{"line":87,"column":8},"end":{"line":89,"column":11}},"26":{"start":{"line":90,"column":8},"end":{"line":90,"column":18}},"27":{"start":{"line":94,"column":32},"end":{"line":117,"column":1}},"28":{"start":{"line":94,"column":61},"end":{"line":117,"column":1}},"29":{"start":{"line":95,"column":19},"end":{"line":100,"column":5}},"30":{"start":{"line":102,"column":17},"end":{"line":102,"column":67}},"31":{"start":{"line":104,"column":4},"end":{"line":116,"column":5}},"32":{"start":{"line":105,"column":20},"end":{"line":105,"column":135}},"33":{"start":{"line":107,"column":8},"end":{"line":110,"column":11}},"34":{"start":{"line":112,"column":8},"end":{"line":114,"column":11}},"35":{"start":{"line":115,"column":8},"end":{"line":115,"column":18}},"36":{"start":{"line":119,"column":28},"end":{"line":141,"column":1}},"37":{"start":{"line":119,"column":48},"end":{"line":141,"column":1}},"38":{"start":{"line":120,"column":19},"end":{"line":126,"column":5}},"39":{"start":{"line":128,"column":4},"end":{"line":140,"column":5}},"40":{"start":{"line":129,"column":8},"end":{"line":129,"column":114}},"41":{"start":{"line":131,"column":8},"end":{"line":134,"column":11}},"42":{"start":{"line":136,"column":8},"end":{"line":138,"column":11}},"43":{"start":{"line":139,"column":8},"end":{"line":139,"column":18}},"44":{"start":{"line":144,"column":26},"end":{"line":164,"column":1}},"45":{"start":{"line":144,"column":32},"end":{"line":164,"column":1}},"46":{"start":{"line":145,"column":19},"end":{"line":150,"column":5}},"47":{"start":{"line":152,"column":4},"end":{"line":163,"column":5}},"48":{"start":{"line":153,"column":20},"end":{"line":153,"column":98}},"49":{"start":{"line":155,"column":8},"end":{"line":158,"column":11}},"50":{"start":{"line":160,"column":8},"end":{"line":162,"column":11}}},"fnMap":{"0":{"name":"(anonymous_0)","decl":{"start":{"line":17,"column":26},"end":{"line":17,"column":27}},"loc":{"start":{"line":17,"column":49},"end":{"line":40,"column":1}},"line":17},"1":{"name":"(anonymous_1)","decl":{"start":{"line":17,"column":49},"end":{"line":17,"column":50}},"loc":{"start":{"line":17,"column":67},"end":{"line":40,"column":1}},"line":17},"2":{"name":"(anonymous_2)","decl":{"start":{"line":42,"column":26},"end":{"line":42,"column":27}},"loc":{"start":{"line":42,"column":38},"end":{"line":67,"column":1}},"line":42},"3":{"name":"(anonymous_3)","decl":{"start":{"line":42,"column":38},"end":{"line":42,"column":39}},"loc":{"start":{"line":42,"column":56},"end":{"line":67,"column":1}},"line":42},"4":{"name":"(anonymous_4)","decl":{"start":{"line":69,"column":24},"end":{"line":69,"column":25}},"loc":{"start":{"line":69,"column":55},"end":{"line":92,"column":1}},"line":69},"5":{"name":"(anonymous_5)","decl":{"start":{"line":69,"column":55},"end":{"line":69,"column":56}},"loc":{"start":{"line":69,"column":73},"end":{"line":92,"column":1}},"line":69},"6":{"name":"(anonymous_6)","decl":{"start":{"line":94,"column":32},"end":{"line":94,"column":33}},"loc":{"start":{"line":94,"column":61},"end":{"line":117,"column":1}},"line":94},"7":{"name":"(anonymous_7)","decl":{"start":{"line":94,"column":61},"end":{"line":94,"column":62}},"loc":{"start":{"line":94,"column":79},"end":{"line":117,"column":1}},"line":94},"8":{"name":"(anonymous_8)","decl":{"start":{"line":119,"column":28},"end":{"line":119,"column":29}},"loc":{"start":{"line":119,"column":48},"end":{"line":141,"column":1}},"line":119},"9":{"name":"(anonymous_9)","decl":{"start":{"line":119,"column":48},"end":{"line":119,"column":49}},"loc":{"start":{"line":119,"column":66},"end":{"line":141,"column":1}},"line":119},"10":{"name":"(anonymous_10)","decl":{"start":{"line":144,"column":26},"end":{"line":144,"column":27}},"loc":{"start":{"line":144,"column":32},"end":{"line":164,"column":1}},"line":144},"11":{"name":"(anonymous_11)","decl":{"start":{"line":144,"column":32},"end":{"line":144,"column":33}},"loc":{"start":{"line":144,"column":50},"end":{"line":164,"column":1}},"line":144}},"branchMap":{"0":{"loc":{"start":{"line":58,"column":29},"end":{"line":58,"column":81}},"type":"binary-expr","locations":[{"start":{"line":58,"column":29},"end":{"line":58,"column":54}},{"start":{"line":58,"column":58},"end":{"line":58,"column":81}}],"line":58}},"s":{"0":6,"1":2,"2":2,"3":2,"4":2,"5":2,"6":1,"7":1,"8":1,"9":6,"10":2,"11":2,"12":2,"13":2,"14":2,"15":0,"16":0,"17":0,"18":6,"19":0,"20":0,"21":0,"22":0,"23":0,"24":0,"25":0,"26":0,"27":6,"28":1,"29":1,"30":1,"31":1,"32":1,"33":1,"34":0,"35":0,"36":6,"37":0,"38":0,"39":0,"40":0,"41":0,"42":0,"43":0,"44":6,"45":21,"46":21,"47":21,"48":21,"49":11,"50":9},"f":{"0":2,"1":2,"2":2,"3":2,"4":0,"5":0,"6":1,"7":1,"8":0,"9":0,"10":21,"11":21},"b":{"0":[0,0]},"_coverageSchema":"1a1c01bbd47fc00a2c39e90264f33305004495a9","hash":"8d48da424965347c4d050ab11709259881acbae6"}
,"C:\\Users\\Admin\\Desktop\\Year-3-MSc-branch2\\frontend\\src\\actions\\types.js": {"path":"C:\\Users\\Admin\\Desktop\\Year-3-MSc-branch2\\frontend\\src\\actions\\types.js","statementMap":{"0":{"start":{"line":1,"column":29},"end":{"line":1,"column":44}},"1":{"start":{"line":2,"column":26},"end":{"line":2,"column":38}},"2":{"start":{"line":3,"column":33},"end":{"line":3,"column":52}},"3":{"start":{"line":4,"column":30},"end":{"line":4,"column":46}},"4":{"start":{"line":5,"column":27},"end":{"line":5,"column":40}},"5":{"start":{"line":6,"column":34},"end":{"line":6,"column":54}},"6":{"start":{"line":7,"column":31},"end":{"line":7,"column":48}},"7":{"start":{"line":8,"column":35},"end":{"line":8,"column":56}},"8":{"start":{"line":9,"column":32},"end":{"line":9,"column":50}},"9":{"start":{"line":10,"column":37},"end":{"line":10,"column":59}},"10":{"start":{"line":11,"column":34},"end":{"line":11,"column":54}},"11":{"start":{"line":12,"column":22},"end":{"line":12,"column":30}},"12":{"start":{"line":13,"column":38},"end":{"line":13,"column":62}},"13":{"start":{"line":14,"column":35},"end":{"line":14,"column":56}},"14":{"start":{"line":15,"column":46},"end":{"line":15,"column":78}},"15":{"start":{"line":16,"column":43},"end":{"line":16,"column":72}},"16":{"start":{"line":17,"column":34},"end":{"line":17,"column":54}},"17":{"start":{"line":18,"column":34},"end":{"line":18,"column":54}},"18":{"start":{"line":19,"column":35},"end":{"line":19,"column":56}},"19":{"start":{"line":20,"column":32},"end":{"line":20,"column":50}},"20":{"start":{"line":21,"column":35},"end":{"line":21,"column":56}},"21":{"start":{"line":22,"column":32},"end":{"line":22,"column":50}},"22":{"start":{"line":23,"column":33},"end":{"line":23,"column":52}},"23":{"start":{"line":24,"column":30},"end":{"line":24,"column":46}},"24":{"start":{"line":25,"column":42},"end":{"line":25,"column":70}},"25":{"start":{"line":26,"column":39},"end":{"line":26,"column":64}},"26":{"start":{"line":27,"column":37},"end":{"line":27,"column":60}},"27":{"start":{"line":28,"column":34},"end":{"line":28,"column":54}},"28":{"start":{"line":29,"column":35},"end":{"line":29,"column":56}},"29":{"start":{"line":30,"column":32},"end":{"line":30,"column":50}},"30":{"start":{"line":31,"column":35},"end":{"line":31,"column":56}},"31":{"start":{"line":32,"column":32},"end":{"line":32,"column":50}},"32":{"start":{"line":33,"column":33},"end":{"line":33,"column":52}},"33":{"start":{"line":34,"column":30},"end":{"line":34,"column":46}},"34":{"start":{"line":35,"column":35},"end":{"line":35,"column":56}},"35":{"start":{"line":36,"column":32},"end":{"line":36,"column":50}},"36":{"start":{"line":37,"column":37},"end":{"line":37,"column":60}},"37":{"start":{"line":38,"column":42},"end":{"line":38,"column":70}},"38":{"start":{"line":39,"column":39},"end":{"line":39,"column":64}},"39":{"start":{"line":40,"column":39},"end":{"line":40,"column":64}},"40":{"start":{"line":41,"column":36},"end":{"line":41,"column":58}},"41":{"start":{"line":42,"column":29},"end":{"line":42,"column":44}},"42":{"start":{"line":43,"column":35},"end":{"line":43,"column":56}},"43":{"start":{"line":44,"column":36},"end":{"line":44,"column":58}},"44":{"start":{"line":45,"column":33},"end":{"line":45,"column":52}},"45":{"start":{"line":46,"column":35},"end":{"line":46,"column":56}},"46":{"start":{"line":47,"column":32},"end":{"line":47,"column":50}},"47":{"start":{"line":48,"column":40},"end":{"line":48,"column":66}},"48":{"start":{"line":49,"column":37},"end":{"line":49,"column":60}},"49":{"start":{"line":50,"column":38},"end":{"line":50,"column":62}},"50":{"start":{"line":52,"column":32},"end":{"line":52,"column":50}},"51":{"start":{"line":53,"column":33},"end":{"line":53,"column":52}},"52":{"start":{"line":54,"column":30},"end":{"line":54,"column":46}},"53":{"start":{"line":55,"column":36},"end":{"line":55,"column":58}},"54":{"start":{"line":56,"column":33},"end":{"line":56,"column":52}},"55":{"start":{"line":57,"column":35},"end":{"line":57,"column":56}},"56":{"start":{"line":58,"column":32},"end":{"line":58,"column":50}},"57":{"start":{"line":59,"column":35},"end":{"line":59,"column":56}},"58":{"start":{"line":60,"column":32},"end":{"line":60,"column":50}},"59":{"start":{"line":61,"column":35},"end":{"line":61,"column":56}},"60":{"start":{"line":62,"column":32},"end":{"line":62,"column":50}}},"fnMap":{},"branchMap":{},"s":{"0":24,"1":24,"2":24,"3":24,"4":24,"5":24,"6":24,"7":24,"8":24,"9":24,"10":24,"11":24,"12":24,"13":24,"14":24,"15":24,"16":24,"17":24,"18":24,"19":24,"20":24,"21":24,"22":24,"23":24,"24":24,"25":24,"26":24,"27":24,"28":24,"29":24,"30":24,"31":24,"32":24,"33":24,"34":24,"35":24,"36":24,"37":24,"38":24,"39":24,"40":24,"41":24,"42":24,"43":24,"44":24,"45":24,"46":24,"47":24,"48":24,"49":24,"50":24,"51":24,"52":24,"53":24,"54":24,"55":24,"56":24,"57":24,"58":24,"59":24,"60":24},"f":{},"b":{},"_coverageSchema":"1a1c01bbd47fc00a2c39e90264f33305004495a9","hash":"85fc6bc6fe4efc22bffd2b3634ccc084ce1a192e"}
,"C:\\Users\\Admin\\Desktop\\Year-3-MSc-branch2\\frontend\\src\\components\\DocumentGrid.js": {"path":"C:\\Users\\Admin\\Desktop\\Year-3-MSc-branch2\\frontend\\src\\components\\DocumentGrid.js","statementMap":{"0":{"start":{"line":7,"column":21},"end":{"line":161,"column":1}},"1":{"start":{"line":19,"column":19},"end":{"line":19,"column":32}},"2":{"start":{"line":20,"column":22},"end":{"line":20,"column":68}},"3":{"start":{"line":23,"column":23},"end":{"line":43,"column":4}},"4":{"start":{"line":24,"column":4},"end":{"line":42,"column":13}},"5":{"start":{"line":37,"column":8},"end":{"line":37,"column":28}},"6":{"start":{"line":38,"column":8},"end":{"line":38,"column":19}},"7":{"start":{"line":46,"column":30},"end":{"line":54,"column":3}},"8":{"start":{"line":47,"column":4},"end":{"line":53,"column":5}},"9":{"start":{"line":49,"column":6},"end":{"line":49,"column":27}},"10":{"start":{"line":52,"column":6},"end":{"line":52,"column":38}},"11":{"start":{"line":56,"column":2},"end":{"line":70,"column":3}},"12":{"start":{"line":57,"column":4},"end":{"line":69,"column":6}},"13":{"start":{"line":72,"column":2},"end":{"line":160,"column":4}},"14":{"start":{"line":76,"column":10},"end":{"line":156,"column":16}},"15":{"start":{"line":87,"column":16},"end":{"line":87,"column":69}},"16":{"start":{"line":88,"column":16},"end":{"line":88,"column":78}},"17":{"start":{"line":91,"column":16},"end":{"line":91,"column":66}},"18":{"start":{"line":92,"column":16},"end":{"line":92,"column":57}},"19":{"start":{"line":99,"column":48},"end":{"line":99,"column":72}},"20":{"start":{"line":114,"column":24},"end":{"line":114,"column":44}},"21":{"start":{"line":115,"column":24},"end":{"line":115,"column":46}},"22":{"start":{"line":126,"column":31},"end":{"line":126,"column":55}}},"fnMap":{"0":{"name":"(anonymous_0)","decl":{"start":{"line":7,"column":21},"end":{"line":7,"column":22}},"loc":{"start":{"line":18,"column":6},"end":{"line":161,"column":1}},"line":18},"1":{"name":"(anonymous_1)","decl":{"start":{"line":23,"column":40},"end":{"line":23,"column":41}},"loc":{"start":{"line":24,"column":4},"end":{"line":42,"column":13}},"line":24},"2":{"name":"(anonymous_2)","decl":{"start":{"line":36,"column":15},"end":{"line":36,"column":16}},"loc":{"start":{"line":36,"column":22},"end":{"line":39,"column":7}},"line":36},"3":{"name":"(anonymous_3)","decl":{"start":{"line":46,"column":30},"end":{"line":46,"column":31}},"loc":{"start":{"line":46,"column":39},"end":{"line":54,"column":3}},"line":46},"4":{"name":"(anonymous_4)","decl":{"start":{"line":75,"column":25},"end":{"line":75,"column":26}},"loc":{"start":{"line":76,"column":10},"end":{"line":156,"column":16}},"line":76},"5":{"name":"(anonymous_5)","decl":{"start":{"line":86,"column":27},"end":{"line":86,"column":28}},"loc":{"start":{"line":86,"column":34},"end":{"line":89,"column":15}},"line":86},"6":{"name":"(anonymous_6)","decl":{"start":{"line":90,"column":26},"end":{"line":90,"column":27}},"loc":{"start":{"line":90,"column":33},"end":{"line":93,"column":15}},"line":90},"7":{"name":"(anonymous_7)","decl":{"start":{"line":99,"column":42},"end":{"line":99,"column":43}},"loc":{"start":{"line":99,"column":48},"end":{"line":99,"column":72}},"line":99},"8":{"name":"(anonymous_8)","decl":{"start":{"line":113,"column":31},"end":{"line":113,"column":32}},"loc":{"start":{"line":113,"column":38},"end":{"line":116,"column":23}},"line":113},"9":{"name":"(anonymous_9)","decl":{"start":{"line":126,"column":25},"end":{"line":126,"column":26}},"loc":{"start":{"line":126,"column":31},"end":{"line":126,"column":55}},"line":126}},"branchMap":{"0":{"loc":{"start":{"line":9,"column":2},"end":{"line":9,"column":41}},"type":"default-arg","locations":[{"start":{"line":9,"column":17},"end":{"line":9,"column":41}}],"line":9},"1":{"loc":{"start":{"line":10,"column":2},"end":{"line":10,"column":14}},"type":"default-arg","locations":[{"start":{"line":10,"column":10},"end":{"line":10,"column":14}}],"line":10},"2":{"loc":{"start":{"line":11,"column":2},"end":{"line":11,"column":26}},"type":"default-arg","locations":[{"start":{"line":11,"column":21},"end":{"line":11,"column":26}}],"line":11},"3":{"loc":{"start":{"line":12,"column":2},"end":{"line":12,"column":15}},"type":"default-arg","locations":[{"start":{"line":12,"column":11},"end":{"line":12,"column":15}}],"line":12},"4":{"loc":{"start":{"line":13,"column":2},"end":{"line":13,"column":21}},"type":"default-arg","locations":[{"start":{"line":13,"column":17},"end":{"line":13,"column":21}}],"line":13},"5":{"loc":{"start":{"line":14,"column":2},"end":{"line":14,"column":29}},"type":"default-arg","locations":[{"start":{"line":14,"column":14},"end":{"line":14,"column":29}}],"line":14},"6":{"loc":{"start":{"line":15,"column":2},"end":{"line":15,"column":24}},"type":"default-arg","locations":[{"start":{"line":15,"column":20},"end":{"line":15,"column":24}}],"line":15},"7":{"loc":{"start":{"line":16,"column":2},"end":{"line":16,"column":22}},"type":"default-arg","locations":[{"start":{"line":16,"column":18},"end":{"line":16,"column":22}}],"line":16},"8":{"loc":{"start":{"line":17,"column":2},"end":{"line":17,"column":14}},"type":"default-arg","locations":[{"start":{"line":17,"column":12},"end":{"line":17,"column":14}}],"line":17},"9":{"loc":{"start":{"line":20,"column":22},"end":{"line":20,"column":68}},"type":"cond-expr","locations":[{"start":{"line":20,"column":30},"end":{"line":20,"column":56}},{"start":{"line":20,"column":59},"end":{"line":20,"column":68}}],"line":20},"10":{"loc":{"start":{"line":47,"column":4},"end":{"line":53,"column":5}},"type":"if","locations":[{"start":{"line":47,"column":4},"end":{"line":53,"column":5}},{"start":{"line":50,"column":11},"end":{"line":53,"column":5}}],"line":47},"11":{"loc":{"start":{"line":56,"column":2},"end":{"line":70,"column":3}},"type":"if","locations":[{"start":{"line":56,"column":2},"end":{"line":70,"column":3}},{"start":{},"end":{}}],"line":56},"12":{"loc":{"start":{"line":56,"column":6},"end":{"line":56,"column":42}},"type":"binary-expr","locations":[{"start":{"line":56,"column":6},"end":{"line":56,"column":16}},{"start":{"line":56,"column":20},"end":{"line":56,"column":42}}],"line":56},"13":{"loc":{"start":{"line":60,"column":9},"end":{"line":67,"column":9}},"type":"binary-expr","locations":[{"start":{"line":60,"column":9},"end":{"line":60,"column":25}},{"start":{"line":61,"column":10},"end":{"line":66,"column":17}}],"line":60},"14":{"loc":{"start":{"line":62,"column":16},"end":{"line":62,"column":81}},"type":"cond-expr","locations":[{"start":{"line":62,"column":25},"end":{"line":62,"column":60}},{"start":{"line":62,"column":63},"end":{"line":62,"column":81}}],"line":62},"15":{"loc":{"start":{"line":110,"column":19},"end":{"line":120,"column":19}},"type":"binary-expr","locations":[{"start":{"line":110,"column":19},"end":{"line":110,"column":36}},{"start":{"line":110,"column":40},"end":{"line":110,"column":56}},{"start":{"line":110,"column":60},"end":{"line":110,"column":82}},{"start":{"line":111,"column":20},"end":{"line":119,"column":36}}],"line":110},"16":{"loc":{"start":{"line":133,"column":19},"end":{"line":133,"column":40}},"type":"binary-expr","locations":[{"start":{"line":133,"column":19},"end":{"line":133,"column":28}},{"start":{"line":133,"column":32},"end":{"line":133,"column":40}}],"line":133},"17":{"loc":{"start":{"line":135,"column":17},"end":{"line":139,"column":17}},"type":"binary-expr","locations":[{"start":{"line":135,"column":17},"end":{"line":135,"column":29}},{"start":{"line":136,"column":18},"end":{"line":138,"column":22}}],"line":135},"18":{"loc":{"start":{"line":137,"column":21},"end":{"line":137,"column":83}},"type":"cond-expr","locations":[{"start":{"line":137,"column":37},"end":{"line":137,"column":61}},{"start":{"line":137,"column":64},"end":{"line":137,"column":83}}],"line":137},"19":{"loc":{"start":{"line":141,"column":39},"end":{"line":141,"column":71}},"type":"binary-expr","locations":[{"start":{"line":141,"column":39},"end":{"line":141,"column":53}},{"start":{"line":141,"column":57},"end":{"line":141,"column":71}}],"line":141},"20":{"loc":{"start":{"line":143,"column":17},"end":{"line":153,"column":17}},"type":"binary-expr","locations":[{"start":{"line":143,"column":17},"end":{"line":143,"column":32}},{"start":{"line":144,"column":18},"end":{"line":152,"column":24}}],"line":143},"21":{"loc":{"start":{"line":146,"column":21},"end":{"line":148,"column":21}},"type":"binary-expr","locations":[{"start":{"line":146,"column":21},"end":{"line":146,"column":48}},{"start":{"line":146,"column":52},"end":{"line":146,"column":77}},{"start":{"line":147,"column":22},"end":{"line":147,"column":122}}],"line":146},"22":{"loc":{"start":{"line":149,"column":21},"end":{"line":151,"column":21}},"type":"binary-expr","locations":[{"start":{"line":149,"column":21},"end":{"line":149,"column":47}},{"start":{"line":150,"column":22},"end":{"line":150,"column":124}}],"line":149}},"s":{"0":2,"1":12,"2":12,"3":12,"4":50,"5":1,"6":1,"7":12,"8":2,"9":2,"10":0,"11":12,"12":0,"13":12,"14":24,"15":0,"16":0,"17":0,"18":0,"19":0,"20":1,"21":1,"22":2},"f":{"0":12,"1":50,"2":1,"3":2,"4":24,"5":0,"6":0,"7":0,"8":1,"9":2},"b":{"0":[0],"1":[12],"2":[0],"3":[0],"4":[0],"5":[12],"6":[0],"7":[0],"8":[0],"9":[0,12],"10":[2,0],"11":[0,12],"12":[12,12],"13":[0,0],"14":[0,0],"15":[24,24,24,24],"16":[24,0],"17":[24,0],"18":[0,0],"19":[24,24],"20":[24,0],"21":[0,0,0],"22":[0,0]},"_coverageSchema":"1a1c01bbd47fc00a2c39e90264f33305004495a9","hash":"a9b1bdf74e2118e673b6d580114075e0220d36b7"}
,"C:\\Users\\Admin\\Desktop\\Year-3-MSc-branch2\\frontend\\src\\components\\GoogleDriveAuthCheck.js": {"path":"C:\\Users\\Admin\\Desktop\\Year-3-MSc-branch2\\frontend\\src\\components\\GoogleDriveAuthCheck.js","statementMap":{"0":{"start":{"line":5,"column":29},"end":{"line":64,"column":1}},"1":{"start":{"line":6,"column":58},"end":{"line":6,"column":73}},"2":{"start":{"line":9,"column":2},"end":{"line":34,"column":56}},"3":{"start":{"line":10,"column":4},"end":{"line":15,"column":7}},"4":{"start":{"line":18,"column":4},"end":{"line":33,"column":5}},"5":{"start":{"line":23,"column":6},"end":{"line":23,"column":53}},"6":{"start":{"line":24,"column":6},"end":{"line":24,"column":36}},"7":{"start":{"line":27,"column":6},"end":{"line":27,"column":78}},"8":{"start":{"line":30,"column":6},"end":{"line":32,"column":14}},"9":{"start":{"line":31,"column":8},"end":{"line":31,"column":37}},"10":{"start":{"line":37,"column":2},"end":{"line":60,"column":3}},"11":{"start":{"line":38,"column":4},"end":{"line":59,"column":6}},"12":{"start":{"line":49,"column":14},"end":{"line":49,"column":55}},"13":{"start":{"line":50,"column":14},"end":{"line":50,"column":68}},"14":{"start":{"line":51,"column":14},"end":{"line":51,"column":45}},"15":{"start":{"line":52,"column":14},"end":{"line":52,"column":43}},"16":{"start":{"line":63,"column":2},"end":{"line":63,"column":25}},"17":{"start":{"line":66,"column":24},"end":{"line":68,"column":2}},"18":{"start":{"line":66,"column":36},"end":{"line":68,"column":1}}},"fnMap":{"0":{"name":"(anonymous_0)","decl":{"start":{"line":5,"column":29},"end":{"line":5,"column":30}},"loc":{"start":{"line":5,"column":82},"end":{"line":64,"column":1}},"line":5},"1":{"name":"(anonymous_1)","decl":{"start":{"line":9,"column":12},"end":{"line":9,"column":13}},"loc":{"start":{"line":9,"column":18},"end":{"line":34,"column":3}},"line":9},"2":{"name":"(anonymous_2)","decl":{"start":{"line":30,"column":17},"end":{"line":30,"column":18}},"loc":{"start":{"line":30,"column":23},"end":{"line":32,"column":7}},"line":30},"3":{"name":"(anonymous_3)","decl":{"start":{"line":48,"column":21},"end":{"line":48,"column":22}},"loc":{"start":{"line":48,"column":27},"end":{"line":53,"column":13}},"line":48},"4":{"name":"(anonymous_4)","decl":{"start":{"line":66,"column":24},"end":{"line":66,"column":25}},"loc":{"start":{"line":66,"column":36},"end":{"line":68,"column":1}},"line":66}},"branchMap":{"0":{"loc":{"start":{"line":5,"column":57},"end":{"line":5,"column":75}},"type":"default-arg","locations":[{"start":{"line":5,"column":70},"end":{"line":5,"column":75}}],"line":5},"1":{"loc":{"start":{"line":18,"column":4},"end":{"line":33,"column":5}},"type":"if","locations":[{"start":{"line":18,"column":4},"end":{"line":33,"column":5}},{"start":{},"end":{}}],"line":18},"2":{"loc":{"start":{"line":18,"column":8},"end":{"line":21,"column":59}},"type":"binary-expr","locations":[{"start":{"line":18,"column":8},"end":{"line":18,"column":22}},{"start":{"line":19,"column":8},"end":{"line":19,"column":29}},{"start":{"line":20,"column":8},"end":{"line":20,"column":18}},{"start":{"line":21,"column":8},"end":{"line":21,"column":59}}],"line":18},"3":{"loc":{"start":{"line":37,"column":2},"end":{"line":60,"column":3}},"type":"if","locations":[{"start":{"line":37,"column":2},"end":{"line":60,"column":3}},{"start":{},"end":{}}],"line":37},"4":{"loc":{"start":{"line":37,"column":6},"end":{"line":37,"column":34}},"type":"binary-expr","locations":[{"start":{"line":37,"column":6},"end":{"line":37,"column":16}},{"start":{"line":37,"column":20},"end":{"line":37,"column":34}}],"line":37}},"s":{"0":2,"1":31,"2":31,"3":26,"4":26,"5":6,"6":6,"7":6,"8":6,"9":0,"10":31,"11":12,"12":1,"13":1,"14":1,"15":1,"16":19,"17":2,"18":19},"f":{"0":31,"1":26,"2":0,"3":1,"4":19},"b":{"0":[5],"1":[6,20],"2":[26,14,8,6],"3":[12,19],"4":[31,25]},"_coverageSchema":"1a1c01bbd47fc00a2c39e90264f33305004495a9","hash":"2e6e154445af696cbb6060c29fc1708c88c36859"}
,"C:\\Users\\Admin\\Desktop\\Year-3-MSc-branch2\\frontend\\src\\components\\Navbar.js": {"path":"C:\\Users\\Admin\\Desktop\\Year-3-MSc-branch2\\frontend\\src\\components\\Navbar.js","statementMap":{"0":{"start":{"line":7,"column":15},"end":{"line":52,"column":1}},"1":{"start":{"line":8,"column":21},"end":{"line":8,"column":34}},"2":{"start":{"line":10,"column":25},"end":{"line":13,"column":5}},"3":{"start":{"line":11,"column":8},"end":{"line":11,"column":17}},"4":{"start":{"line":12,"column":8},"end":{"line":12,"column":22}},"5":{"start":{"line":15,"column":23},"end":{"line":26,"column":5}},"6":{"start":{"line":16,"column":8},"end":{"line":25,"column":19}},"7":{"start":{"line":28,"column":22},"end":{"line":37,"column":5}},"8":{"start":{"line":29,"column":8},"end":{"line":36,"column":14}},"9":{"start":{"line":39,"column":4},"end":{"line":51,"column":6}},"10":{"start":{"line":54,"column":24},"end":{"line":56,"column":2}},"11":{"start":{"line":54,"column":36},"end":{"line":56,"column":1}}},"fnMap":{"0":{"name":"(anonymous_0)","decl":{"start":{"line":7,"column":15},"end":{"line":7,"column":16}},"loc":{"start":{"line":7,"column":48},"end":{"line":52,"column":1}},"line":7},"1":{"name":"(anonymous_1)","decl":{"start":{"line":10,"column":25},"end":{"line":10,"column":26}},"loc":{"start":{"line":10,"column":31},"end":{"line":13,"column":5}},"line":10},"2":{"name":"(anonymous_2)","decl":{"start":{"line":15,"column":23},"end":{"line":15,"column":24}},"loc":{"start":{"line":16,"column":8},"end":{"line":25,"column":19}},"line":16},"3":{"name":"(anonymous_3)","decl":{"start":{"line":28,"column":22},"end":{"line":28,"column":23}},"loc":{"start":{"line":29,"column":8},"end":{"line":36,"column":14}},"line":29},"4":{"name":"(anonymous_4)","decl":{"start":{"line":54,"column":24},"end":{"line":54,"column":25}},"loc":{"start":{"line":54,"column":36},"end":{"line":56,"column":1}},"line":54}},"branchMap":{"0":{"loc":{"start":{"line":47,"column":21},"end":{"line":47,"column":65}},"type":"cond-expr","locations":[{"start":{"line":47,"column":39},"end":{"line":47,"column":50}},{"start":{"line":47,"column":53},"end":{"line":47,"column":65}}],"line":47}},"s":{"0":1,"1":6,"2":6,"3":1,"4":1,"5":6,"6":4,"7":6,"8":2,"9":6,"10":1,"11":6},"f":{"0":6,"1":1,"2":4,"3":2,"4":6},"b":{"0":[2,4]},"_coverageSchema":"1a1c01bbd47fc00a2c39e90264f33305004495a9","hash":"b181c5175ff1df8a37ce803db8328323f3ea6941"}
,"C:\\Users\\Admin\\Desktop\\Year-3-MSc-branch2\\frontend\\src\\components\\Sidebar.js": {"path":"C:\\Users\\Admin\\Desktop\\Year-3-MSc-branch2\\frontend\\src\\components\\Sidebar.js","statementMap":{"0":{"start":{"line":6,"column":16},"end":{"line":81,"column":1}},"1":{"start":{"line":8,"column":21},"end":{"line":8,"column":34}},"2":{"start":{"line":10,"column":27},"end":{"line":12,"column":5}},"3":{"start":{"line":11,"column":8},"end":{"line":11,"column":56}},"4":{"start":{"line":14,"column":4},"end":{"line":80,"column":6}},"5":{"start":{"line":33,"column":32},"end":{"line":33,"column":73}},"6":{"start":{"line":43,"column":28},"end":{"line":43,"column":69}},"7":{"start":{"line":53,"column":32},"end":{"line":53,"column":73}},"8":{"start":{"line":63,"column":32},"end":{"line":63,"column":73}},"9":{"start":{"line":83,"column":24},"end":{"line":85,"column":2}},"10":{"start":{"line":83,"column":36},"end":{"line":85,"column":1}}},"fnMap":{"0":{"name":"(anonymous_0)","decl":{"start":{"line":6,"column":16},"end":{"line":6,"column":17}},"loc":{"start":{"line":6,"column":32},"end":{"line":81,"column":1}},"line":6},"1":{"name":"(anonymous_1)","decl":{"start":{"line":10,"column":27},"end":{"line":10,"column":28}},"loc":{"start":{"line":10,"column":37},"end":{"line":12,"column":5}},"line":10},"2":{"name":"(anonymous_2)","decl":{"start":{"line":32,"column":39},"end":{"line":32,"column":40}},"loc":{"start":{"line":33,"column":32},"end":{"line":33,"column":73}},"line":33},"3":{"name":"(anonymous_3)","decl":{"start":{"line":42,"column":35},"end":{"line":42,"column":36}},"loc":{"start":{"line":43,"column":28},"end":{"line":43,"column":69}},"line":43},"4":{"name":"(anonymous_4)","decl":{"start":{"line":52,"column":39},"end":{"line":52,"column":40}},"loc":{"start":{"line":53,"column":32},"end":{"line":53,"column":73}},"line":53},"5":{"name":"(anonymous_5)","decl":{"start":{"line":62,"column":39},"end":{"line":62,"column":40}},"loc":{"start":{"line":63,"column":32},"end":{"line":63,"column":73}},"line":63},"6":{"name":"(anonymous_6)","decl":{"start":{"line":83,"column":24},"end":{"line":83,"column":25}},"loc":{"start":{"line":83,"column":36},"end":{"line":85,"column":1}},"line":83}},"branchMap":{"0":{"loc":{"start":{"line":11,"column":15},"end":{"line":11,"column":55}},"type":"cond-expr","locations":[{"start":{"line":11,"column":22},"end":{"line":11,"column":50}},{"start":{"line":11,"column":53},"end":{"line":11,"column":55}}],"line":11},"1":{"loc":{"start":{"line":19,"column":25},"end":{"line":23,"column":25}},"type":"binary-expr","locations":[{"start":{"line":19,"column":25},"end":{"line":19,"column":29}},{"start":{"line":20,"column":28},"end":{"line":22,"column":34}}],"line":19},"2":{"loc":{"start":{"line":21,"column":33},"end":{"line":21,"column":69}},"type":"cond-expr","locations":[{"start":{"line":21,"column":45},"end":{"line":21,"column":64}},{"start":{"line":21,"column":67},"end":{"line":21,"column":69}}],"line":21},"3":{"loc":{"start":{"line":33,"column":32},"end":{"line":33,"column":73}},"type":"cond-expr","locations":[{"start":{"line":33,"column":43},"end":{"line":33,"column":60}},{"start":{"line":33,"column":63},"end":{"line":33,"column":73}}],"line":33},"4":{"loc":{"start":{"line":43,"column":28},"end":{"line":43,"column":69}},"type":"cond-expr","locations":[{"start":{"line":43,"column":39},"end":{"line":43,"column":56}},{"start":{"line":43,"column":59},"end":{"line":43,"column":69}}],"line":43},"5":{"loc":{"start":{"line":53,"column":32},"end":{"line":53,"column":73}},"type":"cond-expr","locations":[{"start":{"line":53,"column":43},"end":{"line":53,"column":60}},{"start":{"line":53,"column":63},"end":{"line":53,"column":73}}],"line":53},"6":{"loc":{"start":{"line":63,"column":32},"end":{"line":63,"column":73}},"type":"cond-expr","locations":[{"start":{"line":63,"column":43},"end":{"line":63,"column":60}},{"start":{"line":63,"column":63},"end":{"line":63,"column":73}}],"line":63}},"s":{"0":5,"1":26,"2":26,"3":0,"4":26,"5":26,"6":26,"7":26,"8":26,"9":5,"10":32},"f":{"0":26,"1":0,"2":26,"3":26,"4":26,"5":26,"6":32},"b":{"0":[0,0],"1":[26,25],"2":[23,2],"3":[4,22],"4":[0,26],"5":[0,26],"6":[0,26]},"_coverageSchema":"1a1c01bbd47fc00a2c39e90264f33305004495a9","hash":"2f07fa3b9a9ee0b3fb578ab8ca4592d4274a3eaa"}
,"C:\\Users\\Admin\\Desktop\\Year-3-MSc-branch2\\frontend\\src\\components\\TaskFilterBar.js": {"path":"C:\\Users\\Admin\\Desktop\\Year-3-MSc-branch2\\frontend\\src\\components\\TaskFilterBar.js","statementMap":{"0":{"start":{"line":6,"column":22},"end":{"line":47,"column":1}},"1":{"start":{"line":7,"column":21},"end":{"line":7,"column":34}},"2":{"start":{"line":8,"column":32},"end":{"line":8,"column":44}},"3":{"start":{"line":9,"column":28},"end":{"line":9,"column":40}},"4":{"start":{"line":10,"column":30},"end":{"line":10,"column":42}},"5":{"start":{"line":12,"column":4},"end":{"line":16,"column":11}},"6":{"start":{"line":13,"column":8},"end":{"line":15,"column":11}},"7":{"start":{"line":14,"column":12},"end":{"line":14,"column":31}},"8":{"start":{"line":18,"column":25},"end":{"line":20,"column":5}},"9":{"start":{"line":19,"column":8},"end":{"line":19,"column":47}},"10":{"start":{"line":22,"column":4},"end":{"line":46,"column":6}},"11":{"start":{"line":26,"column":78},"end":{"line":26,"column":103}},"12":{"start":{"line":35,"column":76},"end":{"line":35,"column":99}},"13":{"start":{"line":38,"column":24},"end":{"line":38,"column":82}}},"fnMap":{"0":{"name":"(anonymous_0)","decl":{"start":{"line":6,"column":22},"end":{"line":6,"column":23}},"loc":{"start":{"line":6,"column":28},"end":{"line":47,"column":1}},"line":6},"1":{"name":"(anonymous_1)","decl":{"start":{"line":12,"column":14},"end":{"line":12,"column":15}},"loc":{"start":{"line":12,"column":20},"end":{"line":16,"column":5}},"line":12},"2":{"name":"(anonymous_2)","decl":{"start":{"line":13,"column":46},"end":{"line":13,"column":47}},"loc":{"start":{"line":13,"column":53},"end":{"line":15,"column":9}},"line":13},"3":{"name":"(anonymous_3)","decl":{"start":{"line":18,"column":25},"end":{"line":18,"column":26}},"loc":{"start":{"line":18,"column":31},"end":{"line":20,"column":5}},"line":18},"4":{"name":"(anonymous_4)","decl":{"start":{"line":26,"column":73},"end":{"line":26,"column":74}},"loc":{"start":{"line":26,"column":78},"end":{"line":26,"column":103}},"line":26},"5":{"name":"(anonymous_5)","decl":{"start":{"line":35,"column":71},"end":{"line":35,"column":72}},"loc":{"start":{"line":35,"column":76},"end":{"line":35,"column":99}},"line":35},"6":{"name":"(anonymous_6)","decl":{"start":{"line":37,"column":31},"end":{"line":37,"column":32}},"loc":{"start":{"line":38,"column":24},"end":{"line":38,"column":82}},"line":38}},"branchMap":{},"s":{"0":1,"1":8,"2":8,"3":8,"4":8,"5":8,"6":3,"7":2,"8":8,"9":0,"10":8,"11":0,"12":0,"13":0},"f":{"0":8,"1":3,"2":2,"3":0,"4":0,"5":0,"6":0},"b":{},"_coverageSchema":"1a1c01bbd47fc00a2c39e90264f33305004495a9","hash":"770ca494f577b1567096f9132ebfca7782ccc3fa"}
,"C:\\Users\\Admin\\Desktop\\Year-3-MSc-branch2\\frontend\\src\\components\\TaskTable.js": {"path":"C:\\Users\\Admin\\Desktop\\Year-3-MSc-branch2\\frontend\\src\\components\\TaskTable.js","statementMap":{"0":{"start":{"line":10,"column":18},"end":{"line":211,"column":1}},"1":{"start":{"line":24,"column":21},"end":{"line":24,"column":34}},"2":{"start":{"line":25,"column":50},"end":{"line":25,"column":65}},"3":{"start":{"line":26,"column":44},"end":{"line":26,"column":58}},"4":{"start":{"line":27,"column":54},"end":{"line":27,"column":69}},"5":{"start":{"line":28,"column":48},"end":{"line":28,"column":62}},"6":{"start":{"line":29,"column":60},"end":{"line":29,"column":72}},"7":{"start":{"line":31,"column":27},"end":{"line":37,"column":5}},"8":{"start":{"line":32,"column":8},"end":{"line":36,"column":9}},"9":{"start":{"line":33,"column":12},"end":{"line":33,"column":29}},"10":{"start":{"line":35,"column":12},"end":{"line":35,"column":46}},"11":{"start":{"line":39,"column":23},"end":{"line":42,"column":5}},"12":{"start":{"line":40,"column":8},"end":{"line":40,"column":28}},"13":{"start":{"line":41,"column":8},"end":{"line":41,"column":41}},"14":{"start":{"line":44,"column":25},"end":{"line":48,"column":5}},"15":{"start":{"line":45,"column":8},"end":{"line":45,"column":28}},"16":{"start":{"line":46,"column":8},"end":{"line":46,"column":30}},"17":{"start":{"line":47,"column":8},"end":{"line":47,"column":33}},"18":{"start":{"line":50,"column":26},"end":{"line":55,"column":5}},"19":{"start":{"line":51,"column":8},"end":{"line":54,"column":9}},"20":{"start":{"line":52,"column":12},"end":{"line":52,"column":46}},"21":{"start":{"line":53,"column":12},"end":{"line":53,"column":38}},"22":{"start":{"line":57,"column":27},"end":{"line":61,"column":5}},"23":{"start":{"line":58,"column":8},"end":{"line":58,"column":28}},"24":{"start":{"line":59,"column":8},"end":{"line":59,"column":32}},"25":{"start":{"line":60,"column":8},"end":{"line":60,"column":35}},"26":{"start":{"line":63,"column":28},"end":{"line":68,"column":5}},"27":{"start":{"line":64,"column":8},"end":{"line":67,"column":9}},"28":{"start":{"line":65,"column":12},"end":{"line":65,"column":66}},"29":{"start":{"line":66,"column":12},"end":{"line":66,"column":40}},"30":{"start":{"line":70,"column":22},"end":{"line":75,"column":5}},"31":{"start":{"line":71,"column":8},"end":{"line":71,"column":31}},"32":{"start":{"line":71,"column":18},"end":{"line":71,"column":31}},"33":{"start":{"line":72,"column":20},"end":{"line":72,"column":30}},"34":{"start":{"line":73,"column":24},"end":{"line":73,"column":37}},"35":{"start":{"line":74,"column":8},"end":{"line":74,"column":71}},"36":{"start":{"line":77,"column":30},"end":{"line":83,"column":5}},"37":{"start":{"line":78,"column":8},"end":{"line":78,"column":28}},"38":{"start":{"line":79,"column":8},"end":{"line":82,"column":12}},"39":{"start":{"line":79,"column":41},"end":{"line":82,"column":9}},"40":{"start":{"line":86,"column":25},"end":{"line":89,"column":5}},"41":{"start":{"line":87,"column":8},"end":{"line":87,"column":59}},"42":{"start":{"line":87,"column":47},"end":{"line":87,"column":59}},"43":{"start":{"line":88,"column":8},"end":{"line":88,"column":48}},"44":{"start":{"line":91,"column":4},"end":{"line":93,"column":5}},"45":{"start":{"line":92,"column":8},"end":{"line":92,"column":82}},"46":{"start":{"line":95,"column":4},"end":{"line":210,"column":6}},"47":{"start":{"line":111,"column":28},"end":{"line":184,"column":45}},"48":{"start":{"line":114,"column":51},"end":{"line":114,"column":71}},"49":{"start":{"line":128,"column":68},"end":{"line":128,"column":97}},"50":{"start":{"line":145,"column":68},"end":{"line":145,"column":90}},"51":{"start":{"line":154,"column":72},"end":{"line":154,"column":95}},"52":{"start":{"line":163,"column":68},"end":{"line":163,"column":89}},"53":{"start":{"line":174,"column":56},"end":{"line":174,"column":75}},"54":{"start":{"line":191,"column":56},"end":{"line":191,"column":81}},"55":{"start":{"line":195,"column":63},"end":{"line":195,"column":88}},"56":{"start":{"line":201,"column":58},"end":{"line":201,"column":85}},"57":{"start":{"line":205,"column":63},"end":{"line":205,"column":90}}},"fnMap":{"0":{"name":"(anonymous_0)","decl":{"start":{"line":10,"column":18},"end":{"line":10,"column":19}},"loc":{"start":{"line":23,"column":6},"end":{"line":211,"column":1}},"line":23},"1":{"name":"(anonymous_1)","decl":{"start":{"line":31,"column":27},"end":{"line":31,"column":28}},"loc":{"start":{"line":31,"column":37},"end":{"line":37,"column":5}},"line":31},"2":{"name":"(anonymous_2)","decl":{"start":{"line":39,"column":23},"end":{"line":39,"column":24}},"loc":{"start":{"line":39,"column":38},"end":{"line":42,"column":5}},"line":39},"3":{"name":"(anonymous_3)","decl":{"start":{"line":44,"column":25},"end":{"line":44,"column":26}},"loc":{"start":{"line":44,"column":38},"end":{"line":48,"column":5}},"line":44},"4":{"name":"(anonymous_4)","decl":{"start":{"line":50,"column":26},"end":{"line":50,"column":27}},"loc":{"start":{"line":50,"column":38},"end":{"line":55,"column":5}},"line":50},"5":{"name":"(anonymous_5)","decl":{"start":{"line":57,"column":27},"end":{"line":57,"column":28}},"loc":{"start":{"line":57,"column":40},"end":{"line":61,"column":5}},"line":57},"6":{"name":"(anonymous_6)","decl":{"start":{"line":63,"column":28},"end":{"line":63,"column":29}},"loc":{"start":{"line":63,"column":40},"end":{"line":68,"column":5}},"line":63},"7":{"name":"(anonymous_7)","decl":{"start":{"line":70,"column":22},"end":{"line":70,"column":23}},"loc":{"start":{"line":70,"column":31},"end":{"line":75,"column":5}},"line":70},"8":{"name":"(anonymous_8)","decl":{"start":{"line":77,"column":30},"end":{"line":77,"column":31}},"loc":{"start":{"line":77,"column":45},"end":{"line":83,"column":5}},"line":77},"9":{"name":"(anonymous_9)","decl":{"start":{"line":79,"column":32},"end":{"line":79,"column":33}},"loc":{"start":{"line":79,"column":41},"end":{"line":82,"column":9}},"line":79},"10":{"name":"(anonymous_10)","decl":{"start":{"line":86,"column":25},"end":{"line":86,"column":26}},"loc":{"start":{"line":86,"column":51},"end":{"line":89,"column":5}},"line":86},"11":{"name":"(anonymous_11)","decl":{"start":{"line":110,"column":35},"end":{"line":110,"column":36}},"loc":{"start":{"line":111,"column":28},"end":{"line":184,"column":45}},"line":111},"12":{"name":"(anonymous_12)","decl":{"start":{"line":114,"column":45},"end":{"line":114,"column":46}},"loc":{"start":{"line":114,"column":51},"end":{"line":114,"column":71}},"line":114},"13":{"name":"(anonymous_13)","decl":{"start":{"line":128,"column":61},"end":{"line":128,"column":62}},"loc":{"start":{"line":128,"column":68},"end":{"line":128,"column":97}},"line":128},"14":{"name":"(anonymous_14)","decl":{"start":{"line":145,"column":61},"end":{"line":145,"column":62}},"loc":{"start":{"line":145,"column":68},"end":{"line":145,"column":90}},"line":145},"15":{"name":"(anonymous_15)","decl":{"start":{"line":154,"column":65},"end":{"line":154,"column":66}},"loc":{"start":{"line":154,"column":72},"end":{"line":154,"column":95}},"line":154},"16":{"name":"(anonymous_16)","decl":{"start":{"line":163,"column":61},"end":{"line":163,"column":62}},"loc":{"start":{"line":163,"column":68},"end":{"line":163,"column":89}},"line":163},"17":{"name":"(anonymous_17)","decl":{"start":{"line":174,"column":49},"end":{"line":174,"column":50}},"loc":{"start":{"line":174,"column":56},"end":{"line":174,"
[...]
,"C:\\Users\\Admin\\Desktop\\Year-3-MSc-branch2\\frontend\\src\\reducers\\team.js": {"path":"C:\\Users\\Admin\\Desktop\\Year-3-MSc-branch2\\frontend\\src\\reducers\\team.js","statementMap":{"0":{"start":{"line":16,"column":21},"end":{"line":20,"column":1}},"1":{"start":{"line":23,"column":30},"end":{"line":23,"column":36}},"2":{"start":{"line":25,"column":4},"end":{"line":111,"column":5}},"3":{"start":{"line":27,"column":12},"end":{"line":31,"column":14}},"4":{"start":{"line":33,"column":12},"end":{"line":37,"column":14}},"5":{"start":{"line":39,"column":12},"end":{"line":43,"column":14}},"6":{"start":{"line":45,"column":12},"end":{"line":48,"column":14}},"7":{"start":{"line":50,"column":12},"end":{"line":54,"column":14}},"8":{"start":{"line":52,"column":50},"end":{"line":52,"column":69}},"9":{"start":{"line":56,"column":12},"end":{"line":59,"column":14}},"10":{"start":{"line":61,"column":12},"end":{"line":65,"column":14}},"11":{"start":{"line":63,"column":47},"end":{"line":63,"column":86}},"12":{"start":{"line":67,"column":12},"end":{"line":70,"column":14}},"13":{"start":{"line":72,"column":12},"end":{"line":84,"column":14}},"14":{"start":{"line":75,"column":20},"end":{"line":80,"column":21}},"15":{"start":{"line":76,"column":24},"end":{"line":79,"column":26}},"16":{"start":{"line":78,"column":64},"end":{"line":78,"column":140}},"17":{"start":{"line":81,"column":20},"end":{"line":81,"column":32}},"18":{"start":{"line":86,"column":12},"end":{"line":89,"column":14}},"19":{"start":{"line":91,"column":12},"end":{"line":103,"column":14}},"20":{"start":{"line":94,"column":20},"end":{"line":99,"column":21}},"21":{"start":{"line":95,"column":24},"end":{"line":98,"column":26}},"22":{"start":{"line":97,"column":67},"end":{"line":97,"column":98}},"23":{"start":{"line":100,"column":20},"end":{"line":100,"column":32}},"24":{"start":{"line":105,"column":12},"end":{"line":108,"column":14}},"25":{"start":{"line":110,"column":12},"end":{"line":110,"column":25}}},"fnMap":{"0":{"name":"teamReducer","decl":{"start":{"line":22,"column":24},"end":{"line":22,"column":35}},"loc":{"start":{"line":22,"column":66},"end":{"line":112,"column":1}},"line":22},"1":{"name":"(anonymous_1)","decl":{"start":{"line":52,"column":42},"end":{"line":52,"column":43}},"loc":{"start":{"line":52,"column":50},"end":{"line":52,"column":69}},"line":52},"2":{"name":"(anonymous_2)","decl":{"start":{"line":63,"column":39},"end":{"line":63,"column":40}},"loc":{"start":{"line":63,"column":47},"end":{"line":63,"column":86}},"line":63},"3":{"name":"(anonymous_3)","decl":{"start":{"line":74,"column":39},"end":{"line":74,"column":40}},"loc":{"start":{"line":74,"column":47},"end":{"line":82,"column":17}},"line":74},"4":{"name":"(anonymous_4)","decl":{"start":{"line":78,"column":54},"end":{"line":78,"column":55}},"loc":{"start":{"line":78,"column":64},"end":{"line":78,"column":140}},"line":78},"5":{"name":"(anonymous_5)","decl":{"start":{"line":93,"column":39},"end":{"line":93,"column":40}},"loc":{"start":{"line":93,"column":47},"end":{"line":101,"column":17}},"line":93},"6":{"name":"(anonymous_6)","decl":{"start":{"line":97,"column":57},"end":{"line":97,"column":58}},"loc":{"start":{"line":97,"column":67},"end":{"line":97,"column":98}},"line":97}},"branchMap":{"0":{"loc":{"start":{"line":22,"column":36},"end":{"line":22,"column":56}},"type":"default-arg","locations":[{"start":{"line":22,"column":44},"end":{"line":22,"column":56}}],"line":22},"1":{"loc":{"start":{"line":25,"column":4},"end":{"line":111,"column":5}},"type":"switch","locations":[{"start":{"line":26,"column":8},"end":{"line":31,"column":14}},{"start":{"line":32,"column":8},"end":{"line":37,"column":14}},{"start":{"line":38,"column":8},"end":{"line":43,"column":14}},{"start":{"line":44,"column":8},"end":{"line":48,"column":14}},{"start":{"line":49,"column":8},"end":{"line":54,"column":14}},{"start":{"line":55,"column":8},"end":{"line":59,"column":14}},{"start":{"line":60,"column":8},"end":{"line":65,"column":14}},{"start":{"line":66,"column":8},"end":{"line":70,"column":14}},{"start":{"line":71,"column":8},"end":{"line":84,"column":14}},{"start":{"line":85,"column":8},"end":{"line":89,"column":14}},{"start":{"line":90,"column":8},"end":{"line":103,"column":14}},{"start":{"line":104,"column":8},"end":{"line":108,"column":14}},{"start":{"line":109,"column":8},"end":{"line":110,"column":25}}],"line":25},"2":{"loc":{"start":{"line":63,"column":47},"end":{"line":63,"column":86}},"type":"cond-expr","locations":[{"start":{"line":63,"column":72},"end":{"line":63,"column":79}},{"start":{"line":63,"column":82},"end":{"line":63,"column":86}}],"line":63},"3":{"loc":{"start":{"line":75,"column":20},"end":{"line":80,"column":21}},"type":"if","locations":[{"start":{"line":75,"column":20},"end":{"line":80,"column":21}},{"start":{},"end":{}}],"line":75},"4":{"loc":{"start":{"line":78,"column":64},"end":{"line":78,"column":140}},"type":"cond-expr","locations":[{"start":{"line":78,"column":98},"end":{"line":78,"column":131}},{"start":{"line":78,"column":134},"end":{"line":78,"column":140}}],"line":78},"5":{"loc":{"start":{"line":94,"column":20},"end":{"line":99,"column":21}},"type":"if","locations":[{"start":{"line":94,"column":20},"end":{"line":99,"column":21}},{"start":{},"end":{}}],"line":94}},"s":{"0":24,"1":251,"2":251,"3":12,"4":10,"5":2,"6":2,"7":3,"8":4,"9":1,"10":1,"11":2,"12":0,"13":2,"14":2,"15":2,"16":3,"17":0,"18":0,"19":1,"20":1,"21":1,"22":2,"23":0,"24":0,"25":217},"f":{"0":251,"1":4,"2":2,"3":2,"4":3,"5":1,"6":2},"b":{"0":[176],"1":[12,10,2,2,3,1,1,0,2,0,1,0,217],"2":[1,1],"3":[2,0],"4":[2,1],"5":[1,0]},"_coverageSchema":"1a1c01bbd47fc00a2c39e90264f33305004495a9","hash":"32e4a9e8ba5622020816fa333cbbdd52f265a0e6"}
,"C:\\Users\\Admin\\Desktop\\Year-3-MSc-branch2\\frontend\\src\\utils\\api.js": {"path":"C:\\Users\\Admin\\Desktop\\Year-3-MSc-branch2\\frontend\\src\\utils\\api.js","statementMap":{"0":{"start":{"line":3,"column":12},"end":{"line":9,"column":2}}},"fnMap":{},"branchMap":{},"s":{"0":0},"f":{},"b":{}}
,"C:\\Users\\Admin\\Desktop\\Year-3-MSc-branch2\\frontend\\src\\utils\\auth.js": {"path":"C:\\Users\\Admin\\Desktop\\Year-3-MSc-branch2\\frontend\\src\\utils\\auth.js","statementMap":{"0":{"start":{"line":3,"column":30},"end":{"line":11,"column":1}},"1":{"start":{"line":4,"column":4},"end":{"line":10,"column":5}},"2":{"start":{"line":5,"column":24},"end":{"line":5,"column":40}},"3":{"start":{"line":6,"column":28},"end":{"line":6,"column":45}},"4":{"start":{"line":7,"column":8},"end":{"line":7,"column":41}},"5":{"start":{"line":9,"column":8},"end":{"line":9,"column":20}}},"fnMap":{"0":{"name":"(anonymous_0)","decl":{"start":{"line":3,"column":30},"end":{"line":3,"column":31}},"loc":{"start":{"line":3,"column":41},"end":{"line":11,"column":1}},"line":3}},"branchMap":{},"s":{"0":0,"1":0,"2":0,"3":0,"4":0,"5":0},"f":{"0":0},"b":{}}
,"C:\\Users\\Admin\\Desktop\\Year-3-MSc-branch2\\frontend\\src\\utils\\axiosConfig.js": {"path":"C:\\Users\\Admin\\Desktop\\Year-3-MSc-branch2\\frontend\\src\\utils\\axiosConfig.js","statementMap":{"0":{"start":{"line":3,"column":22},"end":{"line":7,"column":2}},"1":{"start":{"line":9,"column":0},"end":{"line":18,"column":2}},"2":{"start":{"line":11,"column":22},"end":{"line":11,"column":52}},"3":{"start":{"line":12,"column":8},"end":{"line":14,"column":9}},"4":{"start":{"line":13,"column":12},"end":{"line":13,"column":61}},"5":{"start":{"line":15,"column":8},"end":{"line":15,"column":22}},"6":{"start":{"line":17,"column":15},"end":{"line":17,"column":36}},"7":{"start":{"line":21,"column":0},"end":{"line":44,"column":2}},"8":{"start":{"line":22,"column":18},"end":{"line":22,"column":26}},"9":{"start":{"line":24,"column":32},"end":{"line":24,"column":44}},"10":{"start":{"line":27,"column":8},"end":{"line":40,"column":9}},"11":{"start":{"line":28,"column":12},"end":{"line":28,"column":42}},"12":{"start":{"line":30,"column":12},"end":{"line":39,"column":13}},"13":{"start":{"line":32,"column":16},"end":{"line":32,"column":118}},"14":{"start":{"line":35,"column":16},"end":{"line":35,"column":54}},"15":{"start":{"line":37,"column":16},"end":{"line":37,"column":68}},"16":{"start":{"line":38,"column":16},"end":{"line":38,"column":52}},"17":{"start":{"line":42,"column":8},"end":{"line":42,"column":37}}},"fnMap":{"0":{"name":"(anonymous_0)","decl":{"start":{"line":10,"column":4},"end":{"line":10,"column":5}},"loc":{"start":{"line":10,"column":16},"end":{"line":16,"column":5}},"line":10},"1":{"name":"(anonymous_1)","decl":{"start":{"line":17,"column":4},"end":{"line":17,"column":5}},"loc":{"start":{"line":17,"column":15},"end":{"line":17,"column":36}},"line":17},"2":{"name":"(anonymous_2)","decl":{"start":{"line":22,"column":4},"end":{"line":22,"column":5}},"loc":{"start":{"line":22,"column":18},"end":{"line":22,"column":26}},"line":22},"3":{"name":"(anonymous_3)","decl":{"start":{"line":23,"column":4},"end":{"line":23,"column":5}},"loc":{"start":{"line":23,"column":21},"end":{"line":43,"column":5}},"line":23}},"branchMap":{"0":{"loc":{"start":{"line":12,"column":8},"end":{"line":14,"column":9}},"type":"if","locations":[{"start":{"line":12,"column":8},"end":{"line":14,"column":9}},{"start":{},"end":{}}],"line":12},"1":{"loc":{"start":{"line":27,"column":8},"end":{"line":40,"column":9}},"type":"if","locations":[{"start":{"line":27,"column":8},"end":{"line":40,"column":9}},{"start":{},"end":{}}],"line":27},"2":{"loc":{"start":{"line":27,"column":12},"end":{"line":27,"column":68}},"type":"binary-expr","locations":[{"start":{"line":27,"column":12},"end":{"line":27,"column":41}},{"start":{"line":27,"column":45},"end":{"line":27,"column":68}}],"line":27}},"s":{"0":0,"1":0,"2":0,"3":0,"4":0,"5":0,"6":0,"7":0,"8":0,"9":0,"10":0,"11":0,"12":0,"13":0,"14":0,"15":0,"16":0,"17":0},"f":{"0":0,"1":0,"2":0,"3":0},"b":{"0":[0,0],"1":[0,0],"2":[0,0]}}
,"C:\\Users\\Admin\\Desktop\\Year-3-MSc-branch2\\frontend\\src\\utils\\customToggle.js": {"path":"C:\\Users\\Admin\\Desktop\\Year-3-MSc-branch2\\frontend\\src\\utils\\customToggle.js","statementMap":{"0":{"start":{"line":3,"column":21},"end":{"line":26,"column":2}},"1":{"start":{"line":4,"column":4},"end":{"line":25,"column":13}},"2":{"start":{"line":8,"column":12},"end":{"line":8,"column":31}},"3":{"start":{"line":9,"column":12},"end":{"line":9,"column":23}}},"fnMap":{"0":{"name":"(anonymous_0)","decl":{"start":{"line":3,"column":38},"end":{"line":3,"column":39}},"loc":{"start":{"line":4,"column":4},"end":{"line":25,"column":13}},"line":4},"1":{"name":"(anonymous_1)","decl":{"start":{"line":7,"column":17},"end":{"line":7,"column":18}},"loc":{"start":{"line":7,"column":24},"end":{"line":10,"column":9}},"line":7}},"branchMap":{},"s":{"0":2,"1":59,"2":8,"3":8},"f":{"0":59,"1":8},"b":{},"_coverageSchema":"1a1c01bbd47fc00a2c39e90264f33305004495a9","hash":"95f97b47562ee6b582549f07769b06595f538002"}
,"C:\\Users\\Admin\\Desktop\\Year-3-MSc-branch2\\frontend\\src\\utils\\driveAuthUtils.js": {"path":"C:\\Users\\Admin\\Desktop\\Year-3-MSc-branch2\\frontend\\src\\utils\\driveAuthUtils.js","statementMap":{"0":{"start":{"line":1,"column":42},"end":{"line":29,"column":1}},"1":{"start":{"line":2,"column":2},"end":{"line":2,"column":56}},"2":{"start":{"line":4,"column":2},"end":{"line":28,"column":3}},"3":{"start":{"line":6,"column":4},"end":{"line":6,"column":63}},"4":{"start":{"line":9,"column":4},"end":{"line":9,"column":52}},"5":{"start":{"line":10,"column":21},"end":{"line":13,"column":5}},"6":{"start":{"line":15,"column":4},"end":{"line":17,"column":5}},"7":{"start":{"line":16,"column":6},"end":{"line":16,"column":68}},"8":{"start":{"line":19,"column":17},"end":{"line":19,"column":38}},"9":{"start":{"line":20,"column":4},"end":{"line":20,"column":64}},"10":{"start":{"line":23,"column":4},"end":{"line":23,"column":41}},"11":{"start":{"line":25,"column":4},"end":{"line":25,"column":65}},"12":{"start":{"line":26,"column":4},"end":{"line":26,"column":58}},"13":{"start":{"line":27,"column":4},"end":{"line":27,"column":66}}},"fnMap":{"0":{"name":"(anonymous_0)","decl":{"start":{"line":1,"column":42},"end":{"line":1,"column":43}},"loc":{"start":{"line":1,"column":54},"end":{"line":29,"column":1}},"line":1}},"branchMap":{"0":{"loc":{"start":{"line":15,"column":4},"end":{"line":17,"column":5}},"type":"if","locations":[{"start":{"line":15,"column":4},"end":{"line":17,"column":5}},{"start":{},"end":{}}],"line":15}},"s":{"0":3,"1":2,"2":2,"3":2,"4":2,"5":2,"6":2,"7":1,"8":1,"9":1,"10":1,"11":1,"12":1,"13":1},"f":{"0":2},"b":{"0":[1,1]},"_coverageSchema":"1a1c01bbd47fc00a2c39e90264f33305004495a9","hash":"6f4c3f742f4d67396a827ff180677796bf4ddf18"}
,"C:\\Users\\Admin\\Desktop\\Year-3-MSc-branch2\\frontend\\src\\utils\\utils.js": {"path":"C:\\Users\\Admin\\Desktop\\Year-3-MSc-branch2\\frontend\\src\\utils\\utils.js","statementMap":{"0":{"start":{"line":1,"column":27},"end":{"line":5,"column":1}},"1":{"start":{"line":2,"column":4},"end":{"line":4,"column":7}},"2":{"start":{"line":3,"column":8},"end":{"line":3,"column":73}},"3":{"start":{"line":7,"column":26},"end":{"line":10,"column":1}},"4":{"start":{"line":8,"column":20},"end":{"line":8,"column":71}},"5":{"start":{"line":9,"column":4},"end":{"line":9,"column":88}},"6":{"start":{"line":12,"column":38},"end":{"line":51,"column":3}},"7":{"start":{"line":13,"column":22},"end":{"line":13,"column":51}},"8":{"start":{"line":14,"column":4},"end":{"line":14,"column":31}},"9":{"start":{"line":16,"column":23},"end":{"line":16,"column":53}},"10":{"start":{"line":18,"column":18},"end":{"line":18,"column":20}},"11":{"start":{"line":19,"column":17},"end":{"line":19,"column":19}},"12":{"start":{"line":21,"column":4},"end":{"line":44,"column":7}},"13":{"start":{"line":22,"column":18},"end":{"line":22,"column":42}},"14":{"start":{"line":23,"column":19},"end":{"line":23,"column":40}},"15":{"start":{"line":25,"column":6},"end":{"line":43,"column":7}},"16":{"start":{"line":27,"column":8},"end":{"line":30,"column":9}},"17":{"start":{"line":28,"column":10},"end":{"line":28,"column":47}},"18":{"start":{"line":29,"column":10},"end":{"line":29,"column":22}},"19":{"start":{"line":31,"column":8},"end":{"line":31,"column":46}},"20":{"start":{"line":32,"column":13},"end":{"line":43,"column":7}},"21":{"start":{"line":33,"column":8},"end":{"line":39,"column":9}},"22":{"start":{"line":34,"column":10},"end":{"line":34,"column":31}},"23":{"start":{"line":36,"column":10},"end":{"line":36,"column":25}},"24":{"start":{"line":37,"column":10},"end":{"line":37,"column":47}},"25":{"start":{"line":38,"column":10},"end":{"line":38,"column":22}},"26":{"start":{"line":42,"column":8},"end":{"line":42,"column":32}},"27":{"start":{"line":46,"column":4},"end":{"line":48,"column":5}},"28":{"start":{"line":47,"column":6},"end":{"line":47,"column":43}},"29":{"start":{"line":50,"column":4},"end":{"line":50,"column":19}},"30":{"start":{"line":53,"column":36},"end":{"line":88,"column":1}},"31":{"start":{"line":54,"column":2},"end":{"line":54,"column":27}},"32":{"start":{"line":54,"column":17},"end":{"line":54,"column":27}},"33":{"start":{"line":57,"column":24},"end":{"line":57,"column":92}},"34":{"start":{"line":60,"column":13},"end":{"line":64,"column":41}},"35":{"start":{"line":67,"column":2},"end":{"line":67,"column":63}},"36":{"start":{"line":70,"column":2},"end":{"line":70,"column":51}},"37":{"start":{"line":73,"column":2},"end":{"line":73,"column":53}},"38":{"start":{"line":74,"column":2},"end":{"line":74,"column":57}},"39":{"start":{"line":75,"column":2},"end":{"line":75,"column":68}},"40":{"start":{"line":78,"column":2},"end":{"line":78,"column":52}},"41":{"start":{"line":81,"column":2},"end":{"line":81,"column":40}},"42":{"start":{"line":82,"column":2},"end":{"line":82,"column":45}},"43":{"start":{"line":85,"column":2},"end":{"line":85,"column":38}},"44":{"start":{"line":87,"column":2},"end":{"line":87,"column":14}}},"fnMap":{"0":{"name":"(anonymous_0)","decl":{"start":{"line":1,"column":27},"end":{"line":1,"column":28}},"loc":{"start":{"line":1,"column":36},"end":{"line":5,"column":1}},"line":1},"1":{"name":"(anonymous_1)","decl":{"start":{"line":2,"column":52},"end":{"line":2,"column":53}},"loc":{"start":{"line":2,"column":61},"end":{"line":4,"column":5}},"line":2},"2":{"name":"(anonymous_2)","decl":{"start":{"line":7,"column":26},"end":{"line":7,"column":27}},"loc":{"start":{"line":7,"column":42},"end":{"line":10,"column":1}},"line":7},"3":{"name":"(anonymous_3)","decl":{"start":{"line":12,"column":38},"end":{"line":12,"column":39}},"loc":{"start":{"line":12,"column":48},"end":{"line":51,"column":3}},"line":12},"4":{"name":"(anonymous_4)","decl":{"start":{"line":21,"column":23},"end":{"line":21,"column":24}},"loc":{"start":{"line":21,"column":31},"end":{"line":44,"column":5}},"line":21},"5":{"name":"(anonymous_5)","decl":{"start":{"line":53,"column":36},"end":{"line":53,"column":37}},"loc":{"start":{"line":53,"column":50},"end":{"line":88,"column":1}},"line":53}},"branchMap":{"0":{"loc":{"start":{"line":25,"column":6},"end":{"line":43,"column":7}},"type":"if","locations":[{"start":{"line":25,"column":6},"end":{"line":43,"column":7}},{"start":{"line":32,"column":13},"end":{"line":43,"column":7}}],"line":25},"1":{"loc":{"start":{"line":27,"column":8},"end":{"line":30,"column":9}},"type":"if","locations":[{"start":{"line":27,"column":8},"end":{"line":30,"column":9}},{"start":{},"end":{}}],"line":27},"2":{"loc":{"start":{"line":32,"column":13},"end":{"line":43,"column":7}},"type":"if","locations":[{"start":{"line":32,"column":13},"end":{"line":43,"column":7}},{"start":{"line":40,"column":13},"end":{"line":43,"column":7}}],"line":32},"3":{"loc":{"start":{"line":33,"column":8},"end":{"line":39,"column":9}},"type":"if","locations":[{"start":{"line":33,"column":8},"end":{"line":39,"column":9}},{"start":{"line":35,"column":15},"end":{"line":39,"column":9}}],"line":33},"4":{"loc":{"start":{"line":33,"column":12},"end":{"line":33,"column":51}},"type":"binary-expr","locations":[{"start":{"line":33,"column":12},"end":{"line":33,"column":28}},{"start":{"line":33,"column":32},"end":{"line":33,"column":51}}],"line":33},"5":{"loc":{"start":{"line":46,"column":4},"end":{"line":48,"column":5}},"type":"if","locations":[{"start":{"line":46,"column":4},"end":{"line":48,"column":5}},{"start":{},"end":{}}],"line":46},"6":{"loc":{"start":{"line":54,"column":2},"end":{"line":54,"column":27}},"type":"if","locations":[{"start":{"line":54,"column":2},"end":{"line":54,"column":27}},{"start":{},"end":{}}],"line":54}},"s":{"0":7,"1":30,"2":30,"3":7,"4":36,"5":36,"6":7,"7":0,"8":0,"9":0,"10":0,"11":0,"12":0,"13":0,"14":0,"15":0,"16":0,"17":0,"18":0,"19":0,"20":0,"21":0,"22":0,"23":0,"24":0,"25":0,"26":0,"27":0,"28":0,"29":0,"30":7,"31":0,"32":0,"33":0,"34":0,"35":0,"36":0,"37":0,"38":0,"39":0,"40":0,"41":0,"42":0,"43":0,"44":0},"f":{"0":30,"1":30,"2":36,"3":0,"4":0,"5":0},"b":{"0":[0,0],"1":[0,0],"2":[0,0],"3":[0,0],"4":[0,0],"5":[0,0],"6":[0,0]},"_coverageSchema":"1a1c01bbd47fc00a2c39e90264f33305004495a9","hash":"4dcbf6406ec36eadb811f8ce5dbc7f8bc4ad7ec0"}
}
