TN:
SF:src\App.js
FN:36,(anonymous_0)
FN:37,(anonymous_1)
FNF:2
FNH:0
FNDA:0,(anonymous_0)
FNDA:0,(anonymous_1)
DA:36,0
DA:37,0
DA:39,0
DA:40,0
DA:42,0
DA:44,0
DA:45,0
DA:48,0
DA:51,0
DA:52,0
DA:54,0
DA:55,0
DA:56,0
DA:57,0
DA:58,0
DA:59,0
DA:64,0
LF:17
LH:0
BRDA:42,0,0,0
BRDA:42,0,1,0
BRDA:54,1,0,0
BRDA:54,1,1,0
BRDA:57,2,0,0
BRDA:57,2,1,0
BRF:6
BRH:0
end_of_record
TN:
SF:src\index.js
FNF:0
FNH:0
DA:5,0
DA:7,0
LF:2
LH:0
BRF:0
BRH:0
end_of_record
TN:
SF:src\store.js
FNF:0
FNH:0
DA:5,0
LF:1
LH:0
BRF:0
BRH:0
end_of_record
TN:
SF:src\actions\auth.js
FN:20,(anonymous_0)
FN:20,(anonymous_1)
FN:39,(anonymous_2)
FN:39,(anonymous_3)
FN:67,(anonymous_4)
FN:67,(anonymous_5)
FN:96,(anonymous_6)
FN:96,(anonymous_7)
FN:122,(anonymous_8)
FN:122,(anonymous_9)
FN:149,(anonymous_10)
FN:149,(anonymous_11)
FN:156,(anonymous_12)
FN:156,(anonymous_13)
FN:179,(anonymous_14)
FN:179,(anonymous_15)
FN:202,(anonymous_16)
FN:202,(anonymous_17)
FNF:18
FNH:8
FNDA:0,(anonymous_0)
FNDA:0,(anonymous_1)
FNDA:5,(anonymous_2)
FNDA:5,(anonymous_3)
FNDA:3,(anonymous_4)
FNDA:3,(anonymous_5)
FNDA:0,(anonymous_6)
FNDA:0,(anonymous_7)
FNDA:5,(anonymous_8)
FNDA:5,(anonymous_9)
FNDA:0,(anonymous_10)
FNDA:0,(anonymous_11)
FNDA:0,(anonymous_12)
FNDA:0,(anonymous_13)
FNDA:0,(anonymous_14)
FNDA:0,(anonymous_15)
FNDA:3,(anonymous_16)
FNDA:3,(anonymous_17)
DA:20,4
DA:22,0
DA:23,0
DA:27,0
DA:32,0
DA:39,5
DA:40,5
DA:41,4
DA:48,4
DA:49,4
DA:51,4
DA:56,1
DA:61,1
DA:67,4
DA:68,3
DA:75,3
DA:77,3
DA:78,3
DA:80,2
DA:85,2
DA:87,1
DA:92,1
DA:96,4
DA:98,0
DA:105,0
DA:107,0
DA:108,0
DA:110,0
DA:115,0
DA:122,5
DA:124,5
DA:126,5
DA:128,5
DA:129,5
DA:131,3
DA:140,3
DA:142,2
DA:149,4
DA:150,0
DA:156,4
DA:157,0
DA:164,0
DA:166,0
DA:167,0
DA:169,0
DA:173,0
DA:179,4
DA:180,0
DA:187,0
DA:189,0
DA:190,0
DA:192,0
DA:196,0
DA:202,4
DA:203,3
DA:205,3
DA:212,3
DA:215,2
DA:216,2
DA:219,2
DA:223,1
DA:227,1
DA:228,1
DA:230,1
LF:64
LH:41
BRDA:40,0,0,4
BRDA:40,0,1,1
BRDA:92,1,0,1
BRDA:92,1,1,0
BRF:4
BRH:3
end_of_record
TN:
SF:src\actions\googledrive.js
FN:18,(anonymous_0)
FN:18,(anonymous_1)
FN:39,(anonymous_2)
FN:39,(anonymous_3)
FN:71,(anonymous_4)
FN:71,(anonymous_5)
FN:94,(anonymous_6)
FN:98,(anonymous_7)
FN:117,(anonymous_8)
FN:117,(anonymous_9)
FN:150,(anonymous_10)
FN:150,(anonymous_11)
FN:158,(anonymous_12)
FN:158,(anonymous_13)
FNF:14
FNH:0
FNDA:0,(anonymous_0)
FNDA:0,(anonymous_1)
FNDA:0,(anonymous_2)
FNDA:0,(anonymous_3)
FNDA:0,(anonymous_4)
FNDA:0,(anonymous_5)
FNDA:0,(anonymous_6)
FNDA:0,(anonymous_7)
FNDA:0,(anonymous_8)
FNDA:0,(anonymous_9)
FNDA:0,(anonymous_10)
FNDA:0,(anonymous_11)
FNDA:0,(anonymous_12)
FNDA:0,(anonymous_13)
DA:18,0
DA:19,0
DA:20,0
DA:24,0
DA:28,0
DA:30,0
DA:34,0
DA:39,0
DA:41,0
DA:42,0
DA:44,0
DA:47,0
DA:49,0
DA:55,0
DA:56,0
DA:59,0
DA:62,0
DA:63,0
DA:71,0
DA:72,0
DA:73,0
DA:75,0
DA:76,0
DA:78,0
DA:79,0
DA:80,0
DA:81,0
DA:82,0
DA:83,0
DA:85,0
DA:87,0
DA:88,0
DA:89,0
DA:91,0
DA:92,0
DA:93,0
DA:94,0
DA:95,0
DA:96,0
DA:98,0
DA:100,0
DA:102,0
DA:104,0
DA:106,0
DA:107,0
DA:108,0
DA:111,0
DA:112,0
DA:117,0
DA:118,0
DA:120,0
DA:121,0
DA:126,0
DA:127,0
DA:128,0
DA:129,0
DA:131,0
DA:132,0
DA:134,0
DA:139,0
DA:140,0
DA:141,0
DA:145,0
DA:150,0
DA:151,0
DA:158,0
DA:159,0
LF:67
LH:0
BRDA:39,0,0,0
BRDA:41,1,0,0
BRDA:41,1,1,0
BRDA:65,2,0,0
BRDA:65,2,1,0
BRDA:76,3,0,0
BRDA:76,3,1,0
BRDA:78,4,0,0
BRDA:78,4,1,0
BRDA:91,5,0,0
BRDA:91,5,1,0
BRF:11
BRH:0
end_of_record
TN:
SF:src\actions\task.js
FN:30,(anonymous_0)
FN:44,(anonymous_1)
FN:44,(anonymous_2)
FN:51,(anonymous_3)
FN:85,(anonymous_4)
FN:85,(anonymous_5)
FN:110,(anonymous_6)
FN:110,(anonymous_7)
FN:146,(anonymous_8)
FN:146,(anonymous_9)
FN:185,(anonymous_10)
FN:185,(anonymous_11)
FN:210,(anonymous_12)
FN:210,(anonymous_13)
FNF:14
FNH:8
FNDA:0,(anonymous_0)
FNDA:3,(anonymous_1)
FNDA:3,(anonymous_2)
FNDA:0,(anonymous_3)
FNDA:6,(anonymous_4)
FNDA:6,(anonymous_5)
FNDA:1,(anonymous_6)
FNDA:1,(anonymous_7)
FNDA:1,(anonymous_8)
FNDA:1,(anonymous_9)
FNDA:0,(anonymous_10)
FNDA:0,(anonymous_11)
FNDA:0,(anonymous_12)
FNDA:0,(anonymous_13)
DA:30,5
DA:31,0
DA:33,0
DA:35,0
DA:37,0
DA:39,0
DA:44,5
DA:45,3
DA:47,3
DA:48,3
DA:50,3
DA:51,3
DA:52,0
DA:53,0
DA:57,3
DA:58,3
DA:60,2
DA:61,2
DA:63,2
DA:68,2
DA:73,2
DA:75,0
DA:77,0
DA:78,0
DA:80,0
DA:85,6
DA:86,6
DA:88,6
DA:89,6
DA:91,5
DA:96,5
DA:98,1
DA:100,1
DA:105,1
DA:110,5
DA:111,1
DA:113,1
DA:114,1
DA:116,1
DA:122,1
DA:127,1
DA:129,0
DA:131,0
DA:136,0
DA:141,0
DA:146,5
DA:147,1
DA:149,1
DA:150,1
DA:152,1
DA:158,1
DA:163,1
DA:165,0
DA:167,0
DA:172,0
DA:177,0
DA:182,5
DA:185,5
DA:186,0
DA:188,0
DA:191,0
DA:196,0
DA:198,0
DA:200,0
DA:205,0
DA:210,5
DA:211,0
DA:213,0
DA:214,0
DA:216,0
DA:222,0
DA:227,0
DA:229,0
DA:231,0
DA:236,0
DA:241,0
LF:76
LH:40
BRDA:31,0,0,0
BRDA:31,0,1,0
BRDA:31,0,2,0
BRDA:31,0,3,0
BRDA:44,1,0,3
BRDA:52,2,0,0
BRDA:52,2,1,0
BRDA:52,3,0,0
BRDA:52,3,1,0
BRDA:52,3,2,0
BRDA:57,4,0,0
BRDA:57,4,1,3
BRDA:60,5,0,2
BRDA:60,5,1,1
BRDA:61,6,0,2
BRDA:61,6,1,1
BRDA:77,7,0,0
BRDA:77,7,1,0
BRDA:78,8,0,0
BRDA:78,8,1,0
BRDA:98,9,0,1
BRDA:98,9,1,1
BRDA:102,10,0,1
BRDA:102,10,1,1
BRDA:129,11,0,0
BRDA:129,11,1,0
BRDA:133,12,0,0
BRDA:133,12,1,0
BRDA:138,13,0,0
BRDA:138,13,1,0
BRDA:165,14,0,0
BRDA:165,14,1,0
BRDA:169,15,0,0
BRDA:169,15,1,0
BRDA:174,16,0,0
BRDA:174,16,1,0
BRDA:198,17,0,0
BRDA:198,17,1,0
BRDA:202,18,0,0
BRDA:202,18,1,0
BRDA:229,19,0,0
BRDA:229,19,1,0
BRDA:233,20,0,0
BRDA:233,20,1,0
BRDA:238,21,0,0
BRDA:238,21,1,0
BRF:46
BRH:10
end_of_record
TN:
SF:src\actions\team.js
FN:17,(anonymous_0)
FN:17,(anonymous_1)
FN:42,(anonymous_2)
FN:42,(anonymous_3)
FN:69,(anonymous_4)
FN:69,(anonymous_5)
FN:94,(anonymous_6)
FN:94,(anonymous_7)
FN:119,(anonymous_8)
FN:119,(anonymous_9)
FN:144,(anonymous_10)
FN:144,(anonymous_11)
FNF:12
FNH:8
FNDA:2,(anonymous_0)
FNDA:2,(anonymous_1)
FNDA:2,(anonymous_2)
FNDA:2,(anonymous_3)
FNDA:0,(anonymous_4)
FNDA:0,(anonymous_5)
FNDA:1,(anonymous_6)
FNDA:1,(anonymous_7)
FNDA:0,(anonymous_8)
FNDA:0,(anonymous_9)
FNDA:21,(anonymous_10)
FNDA:21,(anonymous_11)
DA:17,6
DA:18,2
DA:25,2
DA:27,2
DA:28,2
DA:30,1
DA:35,1
DA:38,1
DA:42,6
DA:43,2
DA:50,2
DA:51,2
DA:53,2
DA:58,0
DA:60,0
DA:65,0
DA:69,6
DA:70,0
DA:77,0
DA:79,0
DA:80,0
DA:82,0
DA:87,0
DA:90,0
DA:94,6
DA:95,1
DA:102,1
DA:104,1
DA:105,1
DA:107,1
DA:112,0
DA:115,0
DA:119,6
DA:120,0
DA:128,0
DA:129,0
DA:131,0
DA:136,0
DA:139,0
DA:144,21
DA:145,21
DA:152,21
DA:153,21
DA:155,11
DA:160,9
LF:45
LH:27
BRDA:58,0,0,0
BRDA:58,0,1,0
BRF:2
BRH:0
end_of_record
TN:
SF:src\actions\types.js
FNF:0
FNH:0
DA:1,24
DA:2,24
DA:3,24
DA:4,24
DA:5,24
DA:6,24
DA:7,24
DA:8,24
DA:9,24
DA:10,24
DA:11,24
DA:12,24
DA:13,24
DA:14,24
DA:15,24
DA:16,24
DA:17,24
DA:18,24
DA:19,24
DA:20,24
DA:21,24
DA:22,24
DA:23,24
DA:24,24
DA:25,24
DA:26,24
DA:27,24
DA:28,24
DA:29,24
DA:30,24
DA:31,24
DA:32,24
DA:33,24
DA:34,24
DA:35,24
DA:36,24
DA:37,24
DA:38,24
DA:39,24
DA:40,24
DA:41,24
DA:42,24
DA:43,24
DA:44,24
DA:45,24
DA:46,24
DA:47,24
DA:48,24
DA:49,24
DA:50,24
DA:52,24
DA:53,24
DA:54,24
DA:55,24
DA:56,24
DA:57,24
DA:58,24
DA:59,24
DA:60,24
DA:61,24
DA:62,24
LF:61
LH:61
BRF:0
BRH:0
end_of_record
TN:
SF:src\components\DocumentGrid.js
FN:7,(anonymous_0)
FN:23,(anonymous_1)
FN:36,(anonymous_2)
FN:46,(anonymous_3)
FN:75,(anonymous_4)
FN:86,(anonymous_5)
FN:90,(anonymous_6)
FN:99,(anonymous_7)
FN:113,(anonymous_8)
FN:126,(anonymous_9)
FNF:10
FNH:7
FNDA:12,(anonymous_0)
FNDA:50,(anonymous_1)
FNDA:1,(anonymous_2)
FNDA:2,(anonymous_3)
FNDA:24,(anonymous_4)
FNDA:0,(anonymous_5)
FNDA:0,(anonymous_6)
FNDA:0,(anonymous_7)
FNDA:1,(anonymous_8)
FNDA:2,(anonymous_9)
DA:7,2
DA:19,12
DA:20,12
DA:23,12
DA:24,50
DA:37,1
DA:38,1
DA:46,12
DA:47,2
DA:49,2
DA:52,0
DA:56,12
DA:57,0
DA:72,12
DA:76,24
DA:87,0
DA:88,0
DA:91,0
DA:92,0
DA:99,0
DA:114,1
DA:115,1
DA:126,2
LF:23
LH:16
BRDA:9,0,0,0
BRDA:10,1,0,12
BRDA:11,2,0,0
BRDA:12,3,0,0
BRDA:13,4,0,0
BRDA:14,5,0,12
BRDA:15,6,0,0
BRDA:16,7,0,0
BRDA:17,8,0,0
BRDA:20,9,0,0
BRDA:20,9,1,12
BRDA:47,10,0,2
BRDA:47,10,1,0
BRDA:56,11,0,0
BRDA:56,11,1,12
BRDA:56,12,0,12
BRDA:56,12,1,12
BRDA:60,13,0,0
BRDA:60,13,1,0
BRDA:62,14,0,0
BRDA:62,14,1,0
BRDA:110,15,0,24
BRDA:110,15,1,24
BRDA:110,15,2,24
BRDA:110,15,3,24
BRDA:133,16,0,24
BRDA:133,16,1,0
BRDA:135,17,0,24
BRDA:135,17,1,0
BRDA:137,18,0,0
BRDA:137,18,1,0
BRDA:141,19,0,24
BRDA:141,19,1,24
BRDA:143,20,0,24
BRDA:143,20,1,0
BRDA:146,21,0,0
BRDA:146,21,1,0
BRDA:146,21,2,0
BRDA:149,22,0,0
BRDA:149,22,1,0
BRF:40
BRH:16
end_of_record
TN:
SF:src\components\GoogleDriveAuthCheck.js
FN:5,(anonymous_0)
FN:9,(anonymous_1)
FN:30,(anonymous_2)
FN:48,(anonymous_3)
FN:66,(anonymous_4)
FNF:5
FNH:4
FNDA:31,(anonymous_0)
FNDA:26,(anonymous_1)
FNDA:0,(anonymous_2)
FNDA:1,(anonymous_3)
FNDA:19,(anonymous_4)
DA:5,2
DA:6,31
DA:9,31
DA:10,26
DA:18,26
DA:23,6
DA:24,6
DA:27,6
DA:30,6
DA:31,0
DA:37,31
DA:38,12
DA:49,1
DA:50,1
DA:51,1
DA:52,1
DA:63,19
DA:66,19
LF:18
LH:17
BRDA:5,0,0,5
BRDA:18,1,0,6
BRDA:18,1,1,20
BRDA:18,2,0,26
BRDA:18,2,1,14
BRDA:18,2,2,8
BRDA:18,2,3,6
BRDA:37,3,0,12
BRDA:37,3,1,19
BRDA:37,4,0,31
BRDA:37,4,1,25
BRF:11
BRH:11
end_of_record
TN:
SF:src\components\Navbar.js
FN:7,(anonymous_0)
FN:10,(anonymous_1)
FN:15,(anonymous_2)
FN:28,(anonymous_3)
FN:54,(anonymous_4)
FNF:5
FNH:5
FNDA:6,(anonymous_0)
FNDA:1,(anonymous_1)
FNDA:4,(anonymous_2)
FNDA:2,(anonymous_3)
FNDA:6,(anonymous_4)
DA:7,1
DA:8,6
DA:10,6
DA:11,1
DA:12,1
DA:15,6
DA:16,4
DA:28,6
DA:29,2
DA:39,6
DA:54,6
LF:11
LH:11
BRDA:47,0,0,2
BRDA:47,0,1,4
BRF:2
BRH:2
end_of_record
TN:
SF:src\components\Sidebar.js
FN:6,(anonymous_0)
FN:10,(anonymous_1)
FN:32,(anonymous_2)
FN:42,(anonymous_3)
FN:52,(anonymous_4)
FN:62,(anonymous_5)
FN:83,(anonymous_6)
FNF:7
FNH:6
FNDA:26,(anonymous_0)
FNDA:0,(anonymous_1)
FNDA:26,(anonymous_2)
FNDA:26,(anonymous_3)
FNDA:26,(anonymous_4)
FNDA:26,(anonymous_5)
FNDA:32,(anonymous_6)
DA:6,5
DA:8,26
DA:10,26
DA:11,0
DA:14,26
DA:33,26
DA:43,26
DA:53,26
DA:63,26
DA:83,32
LF:10
LH:9
BRDA:11,0,0,0
BRDA:11,0,1,0
BRDA:19,1,0,26
BRDA:19,1,1,25
BRDA:21,2,0,23
BRDA:21,2,1,2
BRDA:33,3,0,4
BRDA:33,3,1,22
BRDA:43,4,0,0
BRDA:43,4,1,26
BRDA:53,5,0,0
BRDA:53,5,1,26
BRDA:63,6,0,0
BRDA:63,6,1,26
BRF:14
BRH:9
end_of_record
TN:
SF:src\components\TaskFilterBar.js
FN:6,(anonymous_0)
FN:12,(anonymous_1)
FN:13,(anonymous_2)
FN:18,(anonymous_3)
FN:26,(anonymous_4)
FN:35,(anonymous_5)
FN:37,(anonymous_6)
FNF:7
FNH:3
FNDA:8,(anonymous_0)
FNDA:3,(anonymous_1)
FNDA:2,(anonymous_2)
FNDA:0,(anonymous_3)
FNDA:0,(anonymous_4)
FNDA:0,(anonymous_5)
FNDA:0,(anonymous_6)
DA:6,1
DA:7,8
DA:8,8
DA:9,8
DA:10,8
DA:12,8
DA:13,3
DA:14,2
DA:18,8
DA:19,0
DA:22,8
DA:26,0
DA:35,0
DA:38,0
LF:14
LH:10
BRF:0
BRH:0
end_of_record
TN:
SF:src\components\TaskTable.js
FN:10,(anonymous_0)
FN:31,(anonymous_1)
FN:39,(anonymous_2)
FN:44,(anonymous_3)
FN:50,(anonymous_4)
FN:57,(anonymous_5)
FN:63,(anonymous_6)
FN:70,(anonymous_7)
FN:77,(anonymous_8)
FN:79,(anonymous_9)
FN:86,(anonymous_10)
FN:110,(anonymous_11)
FN:114,(anonymous_12)
FN:128,(anonymous_13)
FN:145,(anonymous_14)
FN:154,(anonymous_15)
FN:163,(anonymous_16)
FN:174,(anonymous_17)
FN:191,(anonymous_18)
FN:195,(anonymous_19)
FN:201,(anonymous_20)
FN:205,(anonymous_21)
FNF:22
FNH:4
FNDA:22,(anonymous_0)
FNDA:0,(anonymous_1)
FNDA:0,(anonymous_2)
FNDA:0,(anonymous_3)
FNDA:0,(anonymous_4)
FNDA:0,(anonymous_5)
FNDA:0,(anonymous_6)
FNDA:20,(anonymous_7)
FNDA:0,(anonymous_8)
FNDA:0,(anonymous_9)
FNDA:10,(anonymous_10)
FNDA:10,(anonymous_11)
FNDA:0,(anonymous_12)
FNDA:0,(anonymous_13)
FNDA:0,(anonymous_14)
FNDA:0,(anonymous_15)
FNDA:0,(anonymous_16)
FNDA:0,(anonymous_17)
FNDA:0,(anonymous_18)
FNDA:0,(anonymous_19)
FNDA:0,(anonymous_20)
FNDA:0,(anonymous_21)
DA:10,3
DA:24,22
DA:25,22
DA:26,22
DA:27,22
DA:28,22
DA:29,22
DA:31,22
DA:32,0
DA:33,0
DA:35,0
DA:39,22
DA:40,0
DA:41,0
DA:44,22
DA:45,0
DA:46,0
DA:47,0
DA:50,22
DA:51,0
DA:52,0
DA:53,0
DA:57,22
DA:58,0
DA:59,0
DA:60,0
DA:63,22
DA:64,0
DA:65,0
DA:66,0
DA:70,22
DA:71,20
DA:72,20
DA:73,20
DA:74,20
DA:77,22
DA:78,0
DA:79,0
DA:86,22
DA:87,10
DA:88,0
DA:91,22
DA:92,16
DA:95,6
DA:111,10
DA:114,0
DA:128,0
DA:145,0
DA:154,0
DA:163,0
DA:174,0
DA:191,0
DA:195,0
DA:201,0
DA:205,0
LF:55
LH:25
BRDA:11,0,0,0
BRDA:12,1,0,0
BRDA:13,2,0,0
BRDA:32,3,0,0
BRDA:32,3,1,0
BRDA:51,4,0,0
BRDA:51,4,1,0
BRDA:64,5,0,0
BRDA:64,5,1,0
BRDA:71,6,0,0
BRDA:71,6,1,20
BRDA:86,7,0,10
BRDA:87,8,0,10
BRDA:87,8,1,0
BRDA:87,9,0,10
BRDA:87,9,1,10
BRDA:91,10,0,16
BRDA:91,10,1,6
BRDA:102,11,0,6
BRDA:102,11,1,6
BRDA:103,12,0,6
BRDA:103,12,1,5
BRDA:104,13,0,6
BRDA:104,13,1,2
BRDA:105,14,0,6
BRDA:105,14,1,6
BRDA:106,15,0,6
BRDA:106,15,1,6
BRDA:113,16,0,10
BRDA:113,16,1,0
BRDA:113,17,0,10
BRDA:113,17,1,10
BRDA:121,18,0,10
BRDA:121,18,1,10
BRDA:121,18,2,10
BRDA:125,19,0,10
BRDA:125,19,1,10
BRDA:125,19,2,0
BRDA:129,20,0,0
BRDA:129,20,1,0
BRDA:131,21,0,0
BRDA:131,21,1,0
BRDA:136,22,0,10
BRDA:136,22,1,10
BRDA:136,23,0,0
BRDA:136,23,1,10
BRDA:136,24,0,5
BRDA:136,24,1,5
BRDA:137,25,0,10
BRDA:137,25,1,9
BRDA:137,26,0,9
BRDA:137,26,1,0
BRDA:138,27,0,10
BRDA:138,27,1,2
BRDA:138,28,0,2
BRDA:138,28,1,2
BRDA:139,29,0,10
BRDA:139,29,1,10
BRDA:139,30,0,10
BRDA:139,30,1,0
BRDA:140,31,0,10
BRDA:140,31,1,10
BRDA:151,32,0,10
BRDA:151,32,1,10
BRDA:172,33,0,10
BRDA:172,33,1,0
BRF:66
BRH:45
end_of_record
TN:
SF:src\components\TeamGrid.js
FN:7,(anonymous_0)
FN:40,(anonymous_1)
FN:49,(anonymous_2)
FN:51,(anonymous_3)
FN:65,(anonymous_4)
FN:69,(anonymous_5)
FN:81,(anonymous_6)
FN:85,(anonymous_7)
FN:92,(anonymous_8)
FN:99,(anonymous_9)
FN:109,(anonymous_10)
FNF:11
FNH:11
FNDA:16,(anonymous_0)
FNDA:3,(anonymous_1)
FNDA:66,(anonymous_2)
FNDA:60,(anonymous_3)
FNDA:26,(anonymous_4)
FNDA:2,(anonymous_5)
FNDA:1,(anonymous_6)
FNDA:2,(anonymous_7)
FNDA:1,(anonymous_8)
FNDA:2,(anonymous_9)
FNDA:35,(anonymous_10)
DA:7,2
DA:20,16
DA:23,16
DA:25,16
DA:26,2
DA:40,14
DA:41,3
DA:42,1
DA:44,2
DA:49,14
DA:50,66
DA:51,60
DA:52,60
DA:55,14
DA:66,26
DA:69,2
DA:81,1
DA:86,2
DA:87,2
DA:93,1
DA:94,1
DA:100,2
DA:101,2
DA:110,35
LF:24
LH:24
BRDA:9,0,0,11
BRDA:10,1,0,15
BRDA:11,2,0,12
BRDA:12,3,0,7
BRDA:13,4,0,15
BRDA:23,5,0,1
BRDA:23,5,1,15
BRDA:25,6,0,2
BRDA:25,6,1,14
BRDA:25,7,0,16
BRDA:25,7,1,15
BRDA:28,8,0,2
BRDA:28,8,1,0
BRDA:41,9,0,1
BRDA:41,9,1,2
BRDA:50,10,0,6
BRDA:50,10,1,60
BRDA:50,11,0,66
BRDA:50,11,1,66
BRDA:57,12,0,14
BRDA:57,12,1,1
BRDA:69,13,0,22
BRDA:69,13,1,4
BRDA:70,14,0,22
BRDA:70,14,1,4
BRDA:74,15,0,26
BRDA:74,15,1,22
BRDA:84,16,0,22
BRDA:84,16,1,9
BRDA:84,16,2,5
BRDA:91,17,0,22
BRDA:91,17,1,9
BRDA:91,17,2,5
BRDA:98,18,0,22
BRDA:98,18,1,9
BRDA:98,18,2,5
BRDA:109,19,0,26
BRDA:109,19,1,25
BRDA:112,20,0,22
BRDA:112,20,1,13
BRDA:120,21,0,26
BRDA:120,21,1,24
BRDA:120,21,2,24
BRF:43
BRH:42
end_of_record
TN:
SF:src\containers\Activate.js
FN:6,(anonymous_0)
FN:10,(anonymous_1)
FNF:2
FNH:0
FNDA:0,(anonymous_0)
FNDA:0,(anonymous_1)
DA:6,0
DA:7,0
DA:8,0
DA:10,0
DA:11,0
DA:12,0
DA:15,0
DA:16,0
DA:19,0
LF:9
LH:0
BRDA:15,0,0,0
BRDA:15,0,1,0
BRF:2
BRH:0
end_of_record
TN:
SF:src\containers\ApiDebug.js
FN:7,(anonymous_0)
FN:25,(anonymous_1)
FNF:2
FNH:0
FNDA:0,(anonymous_0)
FNDA:0,(anonymous_1)
DA:7,0
DA:8,0
DA:9,0
DA:12,0
DA:25,0
LF:5
LH:0
BRDA:8,0,0,0
BRDA:8,0,1,0
BRF:2
BRH:0
end_of_record
TN:
SF:src\containers\CreateDocument.js
FN:14,(anonymous_0)
FN:40,(anonymous_1)
FN:45,(anonymous_2)
FN:46,(anonymous_3)
FN:60,(anonymous_4)
FN:107,(anonymous_5)
FN:128,(anonymous_6)
FN:140,(anonymous_7)
FN:174,(anonymous_8)
FN:191,(anonymous_9)
FN:201,(anonymous_10)
FN:223,(anonymous_11)
FN:246,(anonymous_12)
FN:255,(anonymous_13)
FN:258,(anonymous_14)
FN:274,(anonymous_15)
FN:289,(anonymous_16)
FN:308,(anonymous_17)
FN:327,(anonymous_18)
FN:390,(anonymous_19)
FN:402,(anonymous_20)
FN:453,(anonymous_21)
FN:499,(anonymous_22)
FNF:23
FNH:15
FNDA:23,(anonymous_0)
FNDA:1,(anonymous_1)
FNDA:8,(anonymous_2)
FNDA:8,(anonymous_3)
FNDA:2,(anonymous_4)
FNDA:1,(anonymous_5)
FNDA:1,(anonymous_6)
FNDA:0,(anonymous_7)
FNDA:0,(anonymous_8)
FNDA:0,(anonymous_9)
FNDA:0,(anonymous_10)
FNDA:0,(anonymous_11)
FNDA:2,(anonymous_12)
FNDA:1,(anonymous_13)
FNDA:2,(anonymous_14)
FNDA:1,(anonymous_15)
FNDA:1,(anonymous_16)
FNDA:1,(anonymous_17)
FNDA:0,(anonymous_18)
FNDA:0,(anonymous_19)
FNDA:0,(anonymous_20)
FNDA:4,(anonymous_21)
FNDA:8,(anonymous_22)
DA:14,1
DA:15,23
DA:16,23
DA:17,23
DA:18,23
DA:19,23
DA:20,23
DA:21,23
DA:22,23
DA:23,23
DA:24,23
DA:25,23
DA:26,23
DA:27,23
DA:28,23
DA:29,23
DA:30,23
DA:31,23
DA:32,23
DA:33,23
DA:35,23
DA:36,23
DA:38,23
DA:40,23
DA:41,1
DA:45,23
DA:46,8
DA:47,8
DA:48,8
DA:51,8
DA:53,0
DA:54,0
DA:57,8
DA:60,23
DA:61,2
DA:63,2
DA:64,1
DA:65,1
DA:68,1
DA:69,0
DA:70,0
DA:73,1
DA:75,1
DA:76,1
DA:78,1
DA:79,0
DA:82,1
DA:83,1
DA:85,1
DA:86,0
DA:89,1
DA:90,1
DA:98,1
DA:100,0
DA:101,0
DA:103,1
DA:107,23
DA:109,1
DA:110,1
DA:111,1
DA:114,1
DA:116,1
DA:117,1
DA:120,1
DA:121,1
DA:124,1
DA:125,1
DA:128,23
DA:130,1
DA:131,1
DA:132,1
DA:135,1
DA:137,1
DA:140,23
DA:142,0
DA:145,0
DA:146,0
DA:147,0
DA:149,0
DA:150,0
DA:152,0
DA:154,0
DA:161,0
DA:162,0
DA:165,0
DA:167,0
DA:168,0
DA:170,0
DA:174,23
DA:176,0
DA:179,0
DA:182,0
DA:183,0
DA:186,0
DA:187,0
DA:188,0
DA:191,23
DA:196,0
DA:197,0
DA:198,0
DA:201,23
DA:203,0
DA:204,0
DA:205,0
DA:207,0
DA:208,0
DA:209,0
DA:214,0
DA:216,0
DA:217,0
DA:219,0
DA:223,23
DA:224,0
DA:227,23
DA:246,2
DA:255,1
DA:259,2
DA:274,1
DA:289,1
DA:308,1
DA:328,0
DA:329,0
DA:330,0
DA:331,0
DA:391,0
DA:392,0
DA:393,0
DA:394,0
DA:395,0
DA:402,0
DA:454,4
DA:499,8
LF:132
LH:79
BRDA:63,0,0,1
BRDA:63,0,1,1
BRDA:68,1,0,0
BRDA:68,1,1,1
BRDA:78,2,0,0
BRDA:78,2,1,1
BRDA:85,3,0,0
BRDA:85,3,1,1
BRDA:85,4,0,1
BRDA:85,4,1,0
BRDA:117,5,0,0
BRDA:117,5,1,1
BRDA:120,6,0,1
BRDA:120,6,1,0
BRDA:238,7,0,23
BRDA:238,7,1,1
BRDA:281,8,0,23
BRDA:281,8,1,3
BRDA:322,9,0,23
BRDA:322,9,1,1
BRDA:330,10,0,0
BRDA:330,10,1,0
BRDA:341,11,0,0
BRDA:341,11,1,23
BRDA:369,12,0,23
BRDA:369,12,1,0
BRDA:375,13,0,23
BRDA:375,13,1,0
BRDA:383,14,0,23
BRDA:383,14,1,0
BRDA:412,15,0,23
BRDA:412,15,1,0
BRDA:412,15,2,0
BRDA:440,16,0,23
BRDA:440,16,1,23
BRDA:484,17,0,1
BRDA:484,17,1,22
BRF:37
BRH:23
end_of_record
TN:
SF:src\containers\CreateTask.js
FN:8,(anonymous_0)
FN:22,(anonymous_1)
FN:24,(anonymous_2)
FN:36,(anonymous_3)
FN:38,(anonymous_4)
FN:45,(anonymous_5)
FN:49,(anonymous_6)
FN:68,(anonymous_7)
FN:70,(anonymous_8)
FN:77,(anonymous_9)
FN:80,(anonymous_10)
FN:89,(anonymous_11)
FN:104,(anonymous_12)
FN:141,(anonymous_13)
FN:160,(anonymous_14)
FN:204,(anonymous_15)
FNF:16
FNH:15
FNDA:27,(anonymous_0)
FNDA:6,(anonymous_1)
FNDA:6,(anonymous_2)
FNDA:10,(anonymous_3)
FNDA:10,(anonymous_4)
FNDA:5,(anonymous_5)
FNDA:2,(anonymous_6)
FNDA:6,(anonymous_7)
FNDA:6,(anonymous_8)
FNDA:7,(anonymous_9)
FNDA:7,(anonymous_10)
FNDA:1,(anonymous_11)
FNDA:0,(anonymous_12)
FNDA:28,(anonymous_13)
FNDA:23,(anonymous_14)
FNDA:9,(anonymous_15)
DA:8,1
DA:9,27
DA:16,27
DA:17,27
DA:19,27
DA:20,27
DA:22,27
DA:24,6
DA:25,6
DA:26,6
DA:27,6
DA:29,0
DA:33,6
DA:36,27
DA:38,10
DA:39,10
DA:40,4
DA:41,4
DA:42,4
DA:44,4
DA:45,5
DA:47,4
DA:49,2
DA:51,4
DA:53,0
DA:56,0
DA:57,0
DA:61,6
DA:65,10
DA:68,27
DA:69,6
DA:70,6
DA:77,27
DA:78,7
DA:80,7
DA:89,27
DA:90,1
DA:91,1
DA:92,1
DA:93,1
DA:94,1
DA:96,0
DA:100,27
DA:101,0
DA:104,27
DA:105,0
DA:108,27
DA:142,28
DA:161,23
DA:204,9
LF:50
LH:43
BRDA:11,0,0,27
BRDA:11,0,1,0
BRDA:27,1,0,6
BRDA:27,1,1,0
BRDA:39,2,0,4
BRDA:39,2,1,6
BRDA:44,3,0,4
BRDA:44,3,1,0
BRDA:45,4,0,5
BRDA:45,4,1,4
BRDA:47,5,0,3
BRDA:47,5,1,1
BRDA:61,6,0,6
BRDA:61,6,1,0
BRDA:69,7,0,6
BRDA:69,7,1,0
BRDA:83,8,0,4
BRDA:83,8,1,3
BRDA:84,9,0,4
BRDA:84,9,1,0
BRDA:84,10,0,0
BRDA:84,10,1,0
BRDA:100,11,0,0
BRDA:100,11,1,27
BRDA:157,12,0,27
BRDA:157,12,1,20
BRDA:157,12,2,20
BRDA:161,13,0,5
BRDA:161,13,1,18
BRDA:161,14,0,23
BRDA:161,14,1,23
BRDA:161,14,2,5
BRF:32
BRH:23
end_of_record
TN:
SF:src\containers\CreateTeam.js
FN:7,(anonymous_0)
FN:15,(anonymous_1)
FN:19,(anonymous_2)
FN:34,(anonymous_3)
FN:76,(anonymous_4)
FNF:5
FNH:5
FNDA:6,(anonymous_0)
FNDA:2,(anonymous_1)
FNDA:1,(anonymous_2)
FNDA:1,(anonymous_3)
FNDA:4,(anonymous_4)
DA:7,1
DA:8,6
DA:13,6
DA:15,6
DA:17,6
DA:19,6
DA:20,1
DA:21,1
DA:22,1
DA:23,1
DA:24,1
DA:26,0
DA:30,6
DA:31,1
DA:34,5
DA:35,1
DA:38,5
DA:76,4
LF:18
LH:17
BRDA:30,0,0,1
BRDA:30,0,1,5
BRF:2
BRH:2
end_of_record
TN:
SF:src\containers\Dashboard.js
FN:11,(anonymous_0)
FN:28,(anonymous_1)
FN:34,(anonymous_2)
FN:35,(anonymous_3)
FN:40,(anonymous_4)
FN:41,(anonymous_5)
FN:45,(anonymous_6)
FN:52,(anonymous_7)
FN:57,(anonymous_8)
FN:61,(anonymous_9)
FN:69,(anonymous_10)
FN:75,(anonymous_11)
FN:82,(anonymous_12)
FN:89,(anonymous_13)
FN:258,(anonymous_14)
FN:260,(anonymous_15)
FN:346,(anonymous_16)
FN:349,(anonymous_17)
FN:411,(anonymous_18)
FNF:19
FNH:4
FNDA:3,(anonymous_0)
FNDA:2,(anonymous_1)
FNDA:2,(anonymous_2)
FNDA:2,(anonymous_3)
FNDA:0,(anonymous_4)
FNDA:0,(anonymous_5)
FNDA:0,(anonymous_6)
FNDA:0,(anonymous_7)
FNDA:0,(anonymous_8)
FNDA:0,(anonymous_9)
FNDA:0,(anonymous_10)
FNDA:0,(anonymous_11)
FNDA:0,(anonymous_12)
FNDA:0,(anonymous_13)
FNDA:0,(anonymous_14)
FNDA:0,(anonymous_15)
FNDA:0,(anonymous_16)
FNDA:0,(anonymous_17)
FNDA:0,(anonymous_18)
DA:11,1
DA:12,3
DA:13,3
DA:14,3
DA:15,3
DA:22,3
DA:25,3
DA:26,3
DA:28,3
DA:29,2
DA:30,1
DA:34,3
DA:35,2
DA:36,2
DA:38,2
DA:39,2
DA:40,1
DA:41,0
DA:42,0
DA:45,0
DA:48,0
DA:49,0
DA:50,0
DA:52,0
DA:53,0
DA:54,0
DA:57,0
DA:60,0
DA:61,0
DA:62,0
DA:63,0
DA:64,0
DA:66,0
DA:69,0
DA:72,0
DA:73,0
DA:75,0
DA:76,0
DA:78,0
DA:79,0
DA:82,0
DA:85,0
DA:88,0
DA:89,0
DA:93,2
DA:95,2
DA:99,2
DA:102,3
DA:103,1
DA:106,2
DA:107,1
DA:110,1
DA:259,0
DA:260,0
DA:347,0
DA:349,0
DA:411,1
LF:57
LH:26
BRDA:29,0,0,1
BRDA:29,0,1,1
BRDA:54,1,0,0
BRDA:54,1,1,0
BRDA:62,2,0,0
BRDA:62,2,1,0
BRDA:63,3,0,0
BRDA:63,3,1,0
BRDA:76,4,0,0
BRDA:76,4,1,0
BRDA:79,5,0,0
BRDA:79,5,1,0
BRDA:88,6,0,0
BRDA:88,6,1,0
BRDA:88,7,0,0
BRDA:88,7,1,0
BRDA:102,8,0,1
BRDA:102,8,1,2
BRDA:106,9,0,1
BRDA:106,9,1,1
BRDA:121,10,0,1
BRDA:121,10,1,0
BRDA:268,11,0,0
BRDA:268,11,1,0
BRDA:268,11,2,0
BRDA:270,12,0,0
BRDA:270,12,1,0
BRDA:280,13,0,0
BRDA:280,13,1,0
BRDA:282,14,0,0
BRDA:282,14,1,0
BRDA:294,15,0,0
BRDA:294,15,1,0
BRDA:299,16,0,1
BRDA:299,16,1,1
BRDA:344,17,0,0
BRDA:344,17,1,1
BRDA:355,18,0,0
BRDA:355,18,1,0
BRDA:356,19,0,0
BRDA:356,19,1,0
BRDA:364,20,0,0
BRDA:364,20,1,0
BRDA:370,21,0,0
BRDA:370,21,1,0
BRF:45
BRH:10
end_of_record
TN:
SF:src\containers\EditTask.js
FN:8,(anonymous_0)
FN:25,(anonymous_1)
FN:26,(anonymous_2)
FN:39,(anonymous_3)
FN:62,(anonymous_4)
FN:64,(anonymous_5)
FN:78,(anonymous_6)
FN:80,(anonymous_7)
FN:100,(anonymous_8)
FN:115,(anonymous_9)
FN:126,(anonymous_10)
FN:169,(anonymous_11)
FN:187,(anonymous_12)
FN:237,(anonymous_13)
FNF:14
FNH:0
FNDA:0,(anonymous_0)
FNDA:0,(anonymous_1)
FNDA:0,(anonymous_2)
FNDA:0,(anonymous_3)
FNDA:0,(anonymous_4)
FNDA:0,(anonymous_5)
FNDA:0,(anonymous_6)
FNDA:0,(anonymous_7)
FNDA:0,(anonymous_8)
FNDA:0,(anonymous_9)
FNDA:0,(anonymous_10)
FNDA:0,(anonymous_11)
FNDA:0,(anonymous_12)
FNDA:0,(anonymous_13)
DA:8,0
DA:9,0
DA:10,0
DA:12,0
DA:19,0
DA:20,0
DA:21,0
DA:23,0
DA:25,0
DA:26,0
DA:27,0
DA:29,0
DA:30,0
DA:32,0
DA:38,0
DA:39,0
DA:41,0
DA:42,0
DA:43,0
DA:46,0
DA:47,0
DA:48,0
DA:51,0
DA:59,0
DA:61,0
DA:62,0
DA:63,0
DA:64,0
DA:66,0
DA:69,0
DA:75,0
DA:78,0
DA:80,0
DA:81,0
DA:82,0
DA:83,0
DA:84,0
DA:85,0
DA:87,0
DA:90,0
DA:97,0
DA:100,0
DA:101,0
DA:103,0
DA:104,0
DA:111,0
DA:115,0
DA:116,0
DA:117,0
DA:118,0
DA:119,0
DA:120,0
DA:122,0
DA:126,0
DA:127,0
DA:130,0
DA:131,0
DA:134,0
DA:170,0
DA:188,0
DA:237,0
LF:61
LH:0
BRDA:14,0,0,0
BRDA:14,0,1,0
BRDA:41,1,0,0
BRDA:41,1,1,0
BRDA:48,2,0,0
BRDA:48,2,1,0
BRDA:52,3,0,0
BRDA:52,3,1,0
BRDA:53,4,0,0
BRDA:53,4,1,0
BRDA:54,5,0,0
BRDA:54,5,1,0
BRDA:55,6,0,0
BRDA:55,6,1,0
BRDA:56,7,0,0
BRDA:56,7,1,0
BRDA:59,8,0,0
BRDA:59,8,1,0
BRDA:63,9,0,0
BRDA:63,9,1,0
BRDA:64,10,0,0
BRDA:64,10,1,0
BRDA:66,11,0,0
BRDA:66,11,1,0
BRDA:81,12,0,0
BRDA:81,12,1,0
BRDA:85,13,0,0
BRDA:85,13,1,0
BRDA:92,14,0,0
BRDA:92,14,1,0
BRDA:103,15,0,0
BRDA:103,15,1,0
BRDA:108,16,0,0
BRDA:108,16,1,0
BRDA:108,17,0,0
BRDA:108,17,1,0
BRDA:130,18,0,0
BRDA:130,18,1,0
BRDA:220,19,0,0
BRDA:220,19,1,0
BRF:40
BRH:0
end_of_record
TN:
SF:src\containers\EditTeam.js
FN:8,(anonymous_0)
FN:19,(anonymous_1)
FN:20,(anonymous_2)
FN:34,(anonymous_3)
FN:49,(anonymous_4)
FN:51,(anonymous_5)
FN:62,(anonymous_6)
FN:66,(anonymous_7)
FN:73,(anonymous_8)
FN:80,(anonymous_9)
FN:87,(anonymous_10)
FN:133,(anonymous_11)
FN:139,(anonymous_12)
FN:145,(anonymous_13)
FN:151,(anonymous_14)
FN:170,(anonymous_15)
FNF:16
FNH:12
FNDA:10,(anonymous_0)
FNDA:4,(anonymous_1)
FNDA:4,(anonymous_2)
FNDA:4,(anonymous_3)
FNDA:2,(anonymous_4)
FNDA:1,(anonymous_5)
FNDA:1,(anonymous_6)
FNDA:0,(anonymous_7)
FNDA:1,(anonymous_8)
FNDA:0,(anonymous_9)
FNDA:0,(anonymous_10)
FNDA:12,(anonymous_11)
FNDA:1,(anonymous_12)
FNDA:1,(anonymous_13)
FNDA:0,(anonymous_14)
FNDA:4,(anonymous_15)
DA:8,1
DA:9,10
DA:10,10
DA:12,10
DA:13,10
DA:14,10
DA:15,10
DA:17,10
DA:19,10
DA:20,4
DA:21,4
DA:22,4
DA:23,4
DA:26,4
DA:28,4
DA:29,4
DA:31,4
DA:34,4
DA:35,4
DA:37,4
DA:39,4
DA:41,0
DA:42,0
DA:46,4
DA:49,10
DA:51,10
DA:52,1
DA:53,1
DA:54,1
DA:55,0
DA:56,0
DA:58,1
DA:62,10
DA:63,1
DA:64,1
DA:65,0
DA:66,0
DA:68,1
DA:69,1
DA:73,10
DA:74,1
DA:75,1
DA:77,1
DA:78,1
DA:79,0
DA:80,0
DA:82,1
DA:83,1
DA:87,10
DA:88,0
DA:91,10
DA:92,4
DA:95,6
DA:134,12
DA:139,1
DA:145,1
DA:152,0
DA:170,4
LF:58
LH:48
BRDA:66,0,0,0
BRDA:66,0,1,0
BRDA:68,1,0,1
BRDA:68,1,1,1
BRDA:75,2,0,0
BRDA:75,2,1,1
BRDA:82,3,0,1
BRDA:82,3,1,1
BRDA:91,4,0,4
BRDA:91,4,1,6
BRDA:131,5,0,6
BRDA:131,5,1,0
BRF:12
BRH:8
end_of_record
TN:
SF:src\containers\GoogleAuthCallback.js
FN:6,(anonymous_0)
FN:11,(anonymous_1)
FN:34,(anonymous_2)
FN:65,(anonymous_3)
FNF:4
FNH:0
FNDA:0,(anonymous_0)
FNDA:0,(anonymous_1)
FNDA:0,(anonymous_2)
FNDA:0,(anonymous_3)
DA:6,0
DA:7,0
DA:8,0
DA:9,0
DA:11,0
DA:12,0
DA:15,0
DA:16,0
DA:18,0
DA:19,0
DA:22,0
DA:25,0
DA:26,0
DA:29,0
DA:31,0
DA:34,0
DA:35,0
DA:38,0
DA:39,0
DA:40,0
DA:44,0
DA:45,0
DA:57,0
DA:58,0
DA:65,0
DA:75,0
LF:26
LH:0
BRDA:18,0,0,0
BRDA:18,0,1,0
BRDA:29,1,0,0
BRDA:29,1,1,0
BRDA:44,2,0,0
BRDA:44,2,1,0
BRDA:57,3,0,0
BRDA:57,3,1,0
BRF:8
BRH:0
end_of_record
TN:
SF:src\containers\Help.js
FN:8,(anonymous_0)
FN:400,(anonymous_1)
FNF:2
FNH:0
FNDA:0,(anonymous_0)
FNDA:0,(anonymous_1)
DA:8,0
DA:9,0
DA:10,0
DA:13,0
DA:400,0
LF:5
LH:0
BRDA:9,0,0,0
BRDA:9,0,1,0
BRF:2
BRH:0
end_of_record
TN:
SF:src\containers\Home.js
FN:9,(anonymous_0)
FN:277,(anonymous_1)
FNF:2
FNH:0
FNDA:0,(anonymous_0)
FNDA:0,(anonymous_1)
DA:9,0
DA:11,0
DA:12,0
DA:14,0
DA:15,0
DA:18,0
DA:277,0
LF:7
LH:0
BRDA:14,0,0,0
BRDA:14,0,1,0
BRF:2
BRH:0
end_of_record
TN:
SF:src\containers\InviteMember.js
FN:6,(anonymous_0)
FN:14,(anonymous_1)
FN:15,(anonymous_2)
FN:17,(anonymous_3)
FN:31,(anonymous_4)
FNF:5
FNH:0
FNDA:0,(anonymous_0)
FNDA:0,(anonymous_1)
FNDA:0,(anonymous_2)
FNDA:0,(anonymous_3)
FNDA:0,(anonymous_4)
DA:6,0
DA:7,0
DA:8,0
DA:10,0
DA:11,0
DA:12,0
DA:14,0
DA:15,0
DA:17,0
DA:18,0
DA:19,0
DA:20,0
DA:23,0
DA:24,0
DA:25,0
DA:27,0
DA:31,0
DA:32,0
DA:35,0
LF:19
LH:0
BRDA:66,0,0,0
BRDA:66,0,1,0
BRF:2
BRH:0
end_of_record
TN:
SF:src\containers\Login.js
FN:6,(anonymous_0)
FN:15,(anonymous_1)
FN:17,(anonymous_2)
FN:25,(anonymous_3)
FN:86,(anonymous_4)
FNF:5
FNH:5
FNDA:13,(anonymous_0)
FNDA:6,(anonymous_1)
FNDA:2,(anonymous_2)
FNDA:13,(anonymous_3)
FNDA:8,(anonymous_4)
DA:6,1
DA:7,13
DA:12,13
DA:13,13
DA:15,13
DA:17,13
DA:18,2
DA:19,2
DA:25,13
DA:26,13
DA:28,1
DA:31,1
DA:33,0
DA:34,0
DA:37,1
DA:42,13
DA:86,8
LF:17
LH:15
BRDA:26,0,0,1
BRDA:26,0,1,12
BRDA:31,1,0,0
BRDA:31,1,1,1
BRDA:33,2,0,0
BRDA:33,2,1,0
BRDA:46,3,0,13
BRDA:46,3,1,1
BRF:8
BRH:5
end_of_record
TN:
SF:src\containers\ResetPassword.js
FN:6,(anonymous_0)
FN:14,(anonymous_1)
FN:16,(anonymous_2)
FNF:3
FNH:0
FNDA:0,(anonymous_0)
FNDA:0,(anonymous_1)
FNDA:0,(anonymous_2)
DA:6,0
DA:7,0
DA:8,0
DA:12,0
DA:14,0
DA:16,0
DA:17,0
DA:19,0
DA:20,0
DA:23,0
DA:24,0
DA:27,0
LF:12
LH:0
BRDA:23,0,0,0
BRDA:23,0,1,0
BRF:2
BRH:0
end_of_record
TN:
SF:src\containers\ResetPasswordConfirm.js
FN:6,(anonymous_0)
FN:17,(anonymous_1)
FN:19,(anonymous_2)
FNF:3
FNH:0
FNDA:0,(anonymous_0)
FNDA:0,(anonymous_1)
FNDA:0,(anonymous_2)
DA:6,0
DA:7,0
DA:9,0
DA:10,0
DA:15,0
DA:17,0
DA:19,0
DA:20,0
DA:21,0
DA:22,0
DA:25,0
DA:26,0
DA:29,0
LF:13
LH:0
BRDA:25,0,0,0
BRDA:25,0,1,0
BRF:2
BRH:0
end_of_record
TN:
SF:src\containers\Signup.js
FN:6,(anonymous_0)
FN:18,(anonymous_1)
FN:20,(anonymous_2)
FN:109,(anonymous_3)
FNF:4
FNH:4
FNDA:17,(anonymous_0)
FNDA:12,(anonymous_1)
FNDA:2,(anonymous_2)
FNDA:6,(anonymous_3)
DA:6,1
DA:8,17
DA:9,17
DA:16,17
DA:18,17
DA:20,17
DA:21,2
DA:23,2
DA:24,1
DA:25,1
DA:26,1
DA:27,1
DA:28,1
DA:31,0
DA:34,1
DA:38,17
DA:39,0
DA:42,17
DA:43,0
DA:46,17
DA:109,6
LF:21
LH:18
BRDA:23,0,0,1
BRDA:23,0,1,1
BRDA:26,1,0,1
BRDA:26,1,1,0
BRDA:38,2,0,0
BRDA:38,2,1,17
BRDA:42,3,0,0
BRDA:42,3,1,17
BRF:8
BRH:5
end_of_record
TN:
SF:src\containers\TaskDetail.js
FN:12,(anonymous_0)
FN:40,(anonymous_1)
FN:41,(anonymous_2)
FN:75,(anonymous_3)
FN:77,(anonymous_4)
FN:98,(anonymous_5)
FN:103,(anonymous_6)
FN:110,(anonymous_7)
FN:117,(anonymous_8)
FN:130,(anonymous_9)
FN:145,(anonymous_10)
FN:157,(anonymous_11)
FN:167,(anonymous_12)
FN:176,(anonymous_13)
FN:186,(anonymous_14)
FN:239,(anonymous_15)
FN:245,(anonymous_16)
FN:252,(anonymous_17)
FN:294,(anonymous_18)
FN:313,(anonymous_19)
FN:353,(anonymous_20)
FN:417,(anonymous_21)
FN:426,(anonymous_22)
FN:445,(anonymous_23)
FNF:24
FNH:10
FNDA:12,(anonymous_0)
FNDA:6,(anonymous_1)
FNDA:6,(anonymous_2)
FNDA:10,(anonymous_3)
FNDA:0,(anonymous_4)
FNDA:0,(anonymous_5)
FNDA:0,(anonymous_6)
FNDA:0,(anonymous_7)
FNDA:0,(anonymous_8)
FNDA:0,(anonymous_9)
FNDA:1,(anonymous_10)
FNDA:5,(anonymous_11)
FNDA:0,(anonymous_12)
FNDA:5,(anonymous_13)
FNDA:5,(anonymous_14)
FNDA:0,(anonymous_15)
FNDA:0,(anonymous_16)
FNDA:1,(anonymous_17)
FNDA:0,(anonymous_18)
FNDA:0,(anonymous_19)
FNDA:0,(anonymous_20)
FNDA:0,(anonymous_21)
FNDA:0,(anonymous_22)
FNDA:26,(anonymous_23)
DA:12,1
DA:20,12
DA:21,12
DA:23,12
DA:31,12
DA:32,12
DA:33,12
DA:34,12
DA:35,12
DA:36,12
DA:37,12
DA:38,12
DA:40,12
DA:41,6
DA:42,6
DA:44,6
DA:45,5
DA:46,5
DA:49,5
DA:50,5
DA:54,5
DA:57,5
DA:58,0
DA:62,0
DA:65,1
DA:66,1
DA:68,6
DA:72,6
DA:75,12
DA:77,10
DA:78,0
DA:79,0
DA:80,0
DA:84,0
DA:86,0
DA:89,0
DA:93,10
DA:94,0
DA:98,12
DA:99,0
DA:102,0
DA:103,0
DA:110,0
DA:117,12
DA:118,0
DA:120,0
DA:121,0
DA:122,0
DA:123,0
DA:125,0
DA:126,0
DA:130,12
DA:131,0
DA:133,0
DA:134,0
DA:135,0
DA:136,0
DA:138,0
DA:139,0
DA:141,0
DA:145,12
DA:146,1
DA:147,1
DA:148,1
DA:149,1
DA:151,0
DA:152,0
DA:157,12
DA:158,5
DA:161,5
DA:162,5
DA:166,0
DA:167,0
DA:169,0
DA:172,0
DA:176,12
DA:177,5
DA:182,5
DA:186,12
DA:187,5
DA:188,3
DA:189,3
DA:190,3
DA:193,12
DA:194,6
DA:206,6
DA:207,1
DA:220,5
DA:239,0
DA:245,0
DA:252,1
DA:295,0
DA:314,0
DA:353,0
DA:417,0
DA:426,0
DA:445,26
LF:97
LH:56
BRDA:57,0,0,0
BRDA:57,0,1,5
BRDA:78,1,0,0
BRDA:78,1,1,0
BRDA:93,2,0,0
BRDA:93,2,1,10
BRDA:102,3,0,0
BRDA:102,3,1,0
BRDA:107,4,0,0
BRDA:107,4,1,0
BRDA:107,5,0,0
BRDA:107,5,1,0
BRDA:158,6,0,0
BRDA:158,6,1,5
BRDA:158,7,0,5
BRDA:158,7,1,5
BRDA:161,8,0,5
BRDA:161,8,1,0
BRDA:161,9,0,5
BRDA:161,9,1,5
BRDA:166,10,0,0
BRDA:166,10,1,0
BRDA:169,11,0,0
BRDA:169,11,1,0
BRDA:182,12,0,5
BRDA:182,12,1,3
BRDA:187,13,0,2
BRDA:187,13,1,3
BRDA:187,14,0,5
BRDA:187,14,1,4
BRDA:193,15,0,6
BRDA:193,15,1,6
BRDA:206,16,0,1
BRDA:206,16,1,5
BRDA:231,17,0,0
BRDA:231,17,1,5
BRDA:235,18,0,5
BRDA:235,18,1,5
BRDA:235,18,2,5
BRDA:249,19,0,5
BRDA:249,19,1,4
BRDA:261,20,0,5
BRDA:261,20,1,3
BRDA:268,21,0,0
BRDA:268,21,1,5
BRDA:290,22,0,0
BRDA:290,22,1,0
BRDA:306,23,0,0
BRDA:306,23,1,0
BRDA:310,24,0,0
BRDA:310,24,1,0
BRDA:310,24,2,0
BRDA:376,25,0,5
BRDA:376,25,1,5
BRDA:381,26,0,5
BRDA:381,26,1,1
BRDA:392,27,0,1
BRDA:392,27,1,4
BRDA:393,28,0,1
BRDA:393,28,1,3
BRDA:430,29,0,0
BRDA:430,29,1,5
BRF:62
BRH:36
end_of_record
TN:
SF:src\containers\TeamDetail.js
FN:16,(anonymous_0)
FN:34,(anonymous_1)
FN:45,(anonymous_2)
FN:53,(anonymous_3)
FN:61,(anonymous_4)
FN:68,(anonymous_5)
FN:81,(anonymous_6)
FN:97,(anonymous_7)
FN:98,(anonymous_8)
FN:107,(anonymous_9)
FN:127,(anonymous_10)
FN:130,(anonymous_11)
FN:133,(anonymous_12)
FN:144,(anonymous_13)
FN:146,(anonymous_14)
FN:178,(anonymous_15)
FN:221,(anonymous_16)
FN:250,(anonymous_17)
FN:260,(anonymous_18)
FN:279,(anonymous_19)
FNF:20
FNH:17
FNDA:31,(anonymous_0)
FNDA:2,(anonymous_1)
FNDA:24,(anonymous_2)
FNDA:12,(anonymous_3)
FNDA:1,(anonymous_4)
FNDA:1,(anonymous_5)
FNDA:2,(anonymous_6)
FNDA:9,(anonymous_7)
FNDA:9,(anonymous_8)
FNDA:16,(anonymous_9)
FNDA:17,(anonymous_10)
FNDA:17,(anonymous_11)
FNDA:16,(anonymous_12)
FNDA:12,(anonymous_13)
FNDA:12,(anonymous_14)
FNDA:24,(anonymous_15)
FNDA:0,(anonymous_16)
FNDA:0,(anonymous_17)
FNDA:0,(anonymous_18)
FNDA:18,(anonymous_19)
DA:16,1
DA:17,31
DA:18,31
DA:19,31
DA:20,31
DA:21,31
DA:22,31
DA:23,31
DA:24,31
DA:25,31
DA:28,31
DA:29,31
DA:30,31
DA:31,31
DA:34,31
DA:35,2
DA:37,1
DA:40,1
DA:45,31
DA:46,24
DA:49,24
DA:52,12
DA:53,12
DA:54,12
DA:57,0
DA:61,31
DA:62,1
DA:63,1
DA:64,1
DA:68,31
DA:69,1
DA:71,1
DA:72,1
DA:74,1
DA:75,1
DA:81,2
DA:82,1
DA:84,0
DA:85,0
DA:87,1
DA:92,31
DA:97,31
DA:98,9
DA:99,9
DA:100,9
DA:102,9
DA:103,8
DA:104,8
DA:106,8
DA:107,16
DA:108,8
DA:110,8
DA:111,8
DA:112,8
DA:114,0
DA:117,1
DA:118,1
DA:120,9
DA:124,9
DA:127,31
DA:128,17
DA:130,17
DA:131,17
DA:133,17
DA:134,16
DA:136,0
DA:137,0
DA:141,17
DA:144,31
DA:145,12
DA:146,12
DA:147,12
DA:150,31
DA:151,31
DA:152,13
DA:154,12
DA:179,24
DA:221,0
DA:250,0
DA:260,0
DA:279,18
LF:81
LH:72
BRDA:35,0,0,1
BRDA:35,0,1,1
BRDA:46,1,0,0
BRDA:46,1,1,24
BRDA:49,2,0,12
BRDA:49,2,1,12
BRDA:52,3,0,12
BRDA:52,3,1,0
BRDA:69,4,0,0
BRDA:69,4,1,1
BRDA:131,5,0,0
BRDA:131,5,1,17
BRDA:134,6,0,16
BRDA:134,6,1,0
BRDA:145,7,0,0
BRDA:145,7,1,12
BRDA:145,8,0,12
BRDA:145,8,1,12
BRDA:150,9,0,0
BRDA:150,9,1,31
BRDA:151,10,0,18
BRDA:151,10,1,13
BRDA:152,11,0,1
BRDA:152,11,1,12
BRDA:167,12,0,12
BRDA:167,12,1,12
BRDA:178,13,0,12
BRDA:178,13,1,12
BRDA:181,14,0,12
BRDA:181,14,1,12
BRDA:218,15,0,12
BRDA:218,15,1,1
BRDA:257,16,0,12
BRDA:257,16,1,0
BRDA:264,17,0,1
BRDA:264,17,1,11
BRF:36
BRH:28
end_of_record
TN:
SF:src\containers\ViewDocuments.js
FN:14,(anonymous_0)
FN:27,(anonymous_1)
FN:38,(anonymous_2)
FN:41,(anonymous_3)
FN:60,(anonymous_4)
FN:66,(anonymous_5)
FN:83,(anonymous_6)
FN:85,(anonymous_7)
FN:86,(anonymous_8)
FN:95,(anonymous_9)
FN:103,(anonymous_10)
FN:111,(anonymous_11)
FN:118,(anonymous_12)
FN:131,(anonymous_13)
FN:195,(anonymous_14)
FN:222,(anonymous_15)
FN:232,(anonymous_16)
FN:251,(anonymous_17)
FNF:18
FNH:10
FNDA:13,(anonymous_0)
FNDA:6,(anonymous_1)
FNDA:6,(anonymous_2)
FNDA:4,(anonymous_3)
FNDA:6,(anonymous_4)
FNDA:20,(anonymous_5)
FNDA:4,(anonymous_6)
FNDA:8,(anonymous_7)
FNDA:4,(anonymous_8)
FNDA:0,(anonymous_9)
FNDA:0,(anonymous_10)
FNDA:0,(anonymous_11)
FNDA:0,(anonymous_12)
FNDA:0,(anonymous_13)
FNDA:0,(anonymous_14)
FNDA:0,(anonymous_15)
FNDA:0,(anonymous_16)
FNDA:6,(anonymous_17)
DA:14,1
DA:15,13
DA:16,13
DA:17,13
DA:21,13
DA:22,13
DA:23,13
DA:24,13
DA:27,13
DA:28,6
DA:29,4
DA:30,4
DA:31,1
DA:32,1
DA:38,13
DA:39,6
DA:41,4
DA:42,4
DA:43,4
DA:47,3
DA:49,4
DA:50,4
DA:52,4
DA:56,4
DA:60,13
DA:61,6
DA:63,6
DA:64,6
DA:66,6
DA:67,20
DA:69,12
DA:70,8
DA:75,12
DA:78,8
DA:83,6
DA:85,6
DA:86,8
DA:87,4
DA:91,6
DA:95,13
DA:96,0
DA:99,0
DA:102,0
DA:103,0
DA:104,0
DA:107,0
DA:111,13
DA:112,0
DA:113,0
DA:114,0
DA:118,13
DA:119,0
DA:121,0
DA:122,0
DA:124,0
DA:125,0
DA:131,0
DA:132,0
DA:134,0
DA:135,0
DA:137,0
DA:142,13
DA:147,13
DA:149,11
DA:196,0
DA:222,0
DA:232,0
DA:251,6
LF:68
LH:46
BRDA:28,0,0,4
BRDA:28,0,1,2
BRDA:30,1,0,1
BRDA:30,1,1,3
BRDA:39,2,0,2
BRDA:39,2,1,4
BRDA:61,3,0,0
BRDA:61,3,1,6
BRDA:67,4,0,12
BRDA:67,4,1,8
BRDA:69,5,0,8
BRDA:69,5,1,4
BRDA:83,6,0,4
BRDA:83,6,1,0
BRDA:83,7,0,4
BRDA:83,7,1,0
BRDA:87,8,0,4
BRDA:87,8,1,4
BRDA:87,9,0,4
BRDA:87,9,1,4
BRDA:96,10,0,0
BRDA:96,10,1,0
BRDA:99,11,0,0
BRDA:99,11,1,0
BRDA:102,12,0,0
BRDA:102,12,1,0
BRDA:102,13,0,0
BRDA:102,13,1,0
BRDA:104,14,0,0
BRDA:104,14,1,0
BRDA:104,15,0,0
BRDA:104,15,1,0
BRDA:119,16,0,0
BRDA:119,16,1,0
BRDA:147,17,0,2
BRDA:147,17,1,11
BRDA:156,18,0,11
BRDA:156,18,1,9
BRDA:169,19,0,10
BRDA:169,19,1,1
BRDA:176,20,0,1
BRDA:176,20,1,0
BRDA:194,21,0,0
BRDA:194,21,1,0
BRDA:229,22,0,11
BRDA:229,22,1,0
BRDA:236,23,0,0
BRDA:236,23,1,11
BRF:48
BRH:26
end_of_record
TN:
SF:src\containers\ViewSOP.js
FN:10,(anonymous_0)
FN:25,(anonymous_1)
FN:28,(anonymous_2)
FN:51,(anonymous_3)
FN:81,(anonymous_4)
FN:137,(anonymous_5)
FNF:6
FNH:6
FNDA:14,(anonymous_0)
FNDA:9,(anonymous_1)
FNDA:8,(anonymous_2)
FNDA:2,(anonymous_3)
FNDA:1,(anonymous_4)
FNDA:9,(anonymous_5)
DA:10,1
DA:11,14
DA:12,14
DA:13,14
DA:14,14
DA:15,14
DA:16,14
DA:17,14
DA:18,14
DA:19,14
DA:25,14
DA:26,9
DA:28,8
DA:29,8
DA:31,8
DA:32,6
DA:33,5
DA:34,5
DA:37,5
DA:38,5
DA:41,5
DA:44,5
DA:45,2
DA:48,3
DA:50,2
DA:51,2
DA:54,2
DA:55,1
DA:57,1
DA:61,1
DA:64,2
DA:65,2
DA:67,7
DA:71,8
DA:74,14
DA:81,1
DA:137,9
LF:37
LH:37
BRDA:26,0,0,1
BRDA:26,0,1,8
BRDA:32,1,0,6
BRDA:32,1,1,0
BRDA:44,2,0,2
BRDA:44,2,1,3
BRDA:48,3,0,2
BRDA:48,3,1,1
BRDA:54,4,0,1
BRDA:54,4,1,1
BRDA:54,5,0,2
BRDA:54,5,1,2
BRDA:54,5,2,2
BRDA:87,6,0,9
BRDA:87,6,1,5
BRDA:94,7,0,1
BRDA:94,7,1,4
BRDA:100,8,0,2
BRDA:100,8,1,2
BRDA:114,9,0,4
BRDA:114,9,1,4
BRDA:114,9,2,2
BRDA:114,9,3,1
BRF:23
BRH:22
end_of_record
TN:
SF:src\containers\ViewTasks.js
FN:11,(anonymous_0)
FN:14,(anonymous_1)
FN:15,(anonymous_2)
FN:114,(anonymous_3)
FNF:4
FNH:4
FNDA:8,(anonymous_0)
FNDA:3,(anonymous_1)
FNDA:3,(anonymous_2)
FNDA:12,(anonymous_3)
DA:11,1
DA:12,8
DA:14,8
DA:15,3
DA:16,3
DA:17,3
DA:19,0
DA:20,0
DA:24,3
DA:27,8
DA:28,0
DA:31,8
DA:114,12
LF:13
LH:10
BRDA:27,0,0,0
BRDA:27,0,1,8
BRDA:58,1,0,8
BRDA:58,1,1,0
BRDA:60,2,0,3
BRDA:60,2,1,5
BRF:6
BRH:4
end_of_record
TN:
SF:src\containers\ViewTeams.js
FN:9,(anonymous_0)
FN:15,(anonymous_1)
FN:16,(anonymous_2)
FN:49,(anonymous_3)
FN:56,(anonymous_4)
FN:63,(anonymous_5)
FN:67,(anonymous_6)
FN:71,(anonymous_7)
FN:105,(anonymous_8)
FNF:9
FNH:7
FNDA:9,(anonymous_0)
FNDA:5,(anonymous_1)
FNDA:5,(anonymous_2)
FNDA:1,(anonymous_3)
FNDA:2,(anonymous_4)
FNDA:1,(anonymous_5)
FNDA:0,(anonymous_6)
FNDA:0,(anonymous_7)
FNDA:6,(anonymous_8)
DA:9,1
DA:10,9
DA:11,9
DA:12,9
DA:13,9
DA:15,9
DA:16,5
DA:17,5
DA:18,5
DA:21,4
DA:23,1
DA:24,1
DA:26,5
DA:30,5
DA:33,9
DA:34,1
DA:37,8
DA:38,0
DA:41,8
DA:42,4
DA:45,4
DA:46,1
DA:49,3
DA:50,1
DA:52,1
DA:53,1
DA:55,1
DA:56,2
DA:58,0
DA:59,0
DA:63,3
DA:64,1
DA:67,3
DA:68,0
DA:71,3
DA:72,0
DA:75,3
DA:105,6
LF:38
LH:33
BRDA:33,0,0,1
BRDA:33,0,1,8
BRDA:37,1,0,0
BRDA:37,1,1,8
BRDA:41,2,0,4
BRDA:41,2,1,4
BRDA:45,3,0,1
BRDA:45,3,1,3
BRDA:53,4,0,0
BRDA:53,4,1,1
BRF:10
BRH:8
end_of_record
TN:
SF:src\hocs\Layout.js
FN:7,(anonymous_0)
FN:8,(anonymous_1)
FNF:2
FNH:0
FNDA:0,(anonymous_0)
FNDA:0,(anonymous_1)
DA:7,0
DA:8,0
DA:9,0
DA:10,0
DA:15,0
LF:5
LH:0
BRF:0
BRH:0
end_of_record
TN:
SF:src\reducers\auth.js
FN:29,authReducer
FNF:1
FNH:1
FNDA:224,authReducer
DA:20,24
DA:30,224
DA:32,224
DA:34,1
DA:39,4
DA:40,4
DA:50,1
DA:55,2
DA:60,4
DA:65,1
DA:66,1
DA:67,1
DA:74,3
DA:79,3
DA:80,3
DA:81,3
DA:90,1
DA:91,1
DA:92,1
DA:101,4
DA:102,4
DA:103,4
DA:118,0
DA:122,200
LF:24
LH:23
BRDA:29,0,0,73
BRDA:32,1,0,1
BRDA:32,1,1,4
BRDA:32,1,2,1
BRDA:32,1,3,2
BRDA:32,1,4,4
BRDA:32,1,5,1
BRDA:32,1,6,3
BRDA:32,1,7,3
BRDA:32,1,8,1
BRDA:32,1,9,4
BRDA:32,1,10,0
BRDA:32,1,11,0
BRDA:32,1,12,0
BRDA:32,1,13,0
BRDA:32,1,14,0
BRDA:32,1,15,0
BRDA:32,1,16,200
BRF:18
BRH:12
end_of_record
TN:
SF:src\reducers\googledrive.js
FN:16,(anonymous_0)
FNF:1
FNH:1
FNDA:215,(anonymous_0)
DA:10,24
DA:17,215
DA:18,215
DA:20,0
DA:25,0
DA:26,0
DA:31,0
DA:32,0
DA:38,0
DA:44,0
DA:50,0
DA:55,215
LF:12
LH:4
BRDA:16,0,0,113
BRDA:18,1,0,0
BRDA:18,1,1,0
BRDA:18,1,2,0
BRDA:18,1,3,0
BRDA:18,1,4,0
BRDA:18,1,5,0
BRDA:18,1,6,215
BRF:8
BRH:2
end_of_record
TN:
SF:src\reducers\index.js
FNF:0
FNH:0
LF:0
LH:0
BRF:0
BRH:0
end_of_record
TN:
SF:src\reducers\task.js
FN:33,taskReducer
FN:100,(anonymous_1)
FN:103,(anonymous_2)
FN:106,(anonymous_3)
FN:118,(anonymous_4)
FN:119,(anonymous_5)
FN:120,(anonymous_6)
FNF:7
FNH:7
FNDA:228,taskReducer
FNDA:2,(anonymous_1)
FNDA:1,(anonymous_2)
FNDA:1,(anonymous_3)
FNDA:2,(anonymous_4)
FNDA:1,(anonymous_5)
FNDA:1,(anonymous_6)
DA:23,24
DA:34,228
DA:36,228
DA:38,12
DA:46,6
DA:47,3
DA:53,3
DA:54,3
DA:63,0
DA:73,1
DA:80,6
DA:89,3
DA:98,3
DA:101,2
DA:104,1
DA:107,1
DA:116,1
DA:118,2
DA:119,1
DA:120,1
DA:132,5
DA:139,191
LF:22
LH:21
BRDA:33,0,0,158
BRDA:36,1,0,12
BRDA:36,1,1,4
BRDA:36,1,2,6
BRDA:36,1,3,1
BRDA:36,1,4,1
BRDA:36,1,5,6
BRDA:36,1,6,2
BRDA:36,1,7,3
BRDA:36,1,8,2
BRDA:36,1,9,3
BRDA:36,1,10,1
BRDA:36,1,11,1
BRDA:36,1,12,2
BRDA:36,1,13,3
BRDA:36,1,14,4
BRDA:36,1,15,5
BRDA:36,1,16,5
BRDA:36,1,17,5
BRDA:36,1,18,5
BRDA:36,1,19,191
BRDA:46,2,0,3
BRDA:46,2,1,3
BRDA:53,3,0,3
BRDA:53,3,1,0
BRDA:53,4,0,3
BRDA:53,4,1,3
BRDA:56,5,0,3
BRDA:56,5,1,0
BRDA:57,6,0,3
BRDA:57,6,1,0
BRDA:58,7,0,3
BRDA:58,7,1,0
BRDA:58,8,0,3
BRDA:58,8,1,0
BRDA:101,9,0,1
BRDA:101,9,1,1
BRDA:104,10,0,1
BRDA:104,10,1,0
BRDA:107,11,0,0
BRDA:107,11,1,1
BRF:41
BRH:34
end_of_record
TN:
SF:src\reducers\team.js
FN:22,teamReducer
FN:52,(anonymous_1)
FN:63,(anonymous_2)
FN:74,(anonymous_3)
FN:78,(anonymous_4)
FN:93,(anonymous_5)
FN:97,(anonymous_6)
FNF:7
FNH:7
FNDA:251,teamReducer
FNDA:4,(anonymous_1)
FNDA:2,(anonymous_2)
FNDA:2,(anonymous_3)
FNDA:3,(anonymous_4)
FNDA:1,(anonymous_5)
FNDA:2,(anonymous_6)
DA:16,24
DA:23,251
DA:25,251
DA:27,12
DA:33,10
DA:39,2
DA:45,2
DA:50,3
DA:52,4
DA:56,1
DA:61,1
DA:63,2
DA:67,0
DA:72,2
DA:75,2
DA:76,2
DA:78,3
DA:81,0
DA:86,0
DA:91,1
DA:94,1
DA:95,1
DA:97,2
DA:100,0
DA:105,0
DA:110,217
LF:26
LH:21
BRDA:22,0,0,176
BRDA:25,1,0,12
BRDA:25,1,1,10
BRDA:25,1,2,2
BRDA:25,1,3,2
BRDA:25,1,4,3
BRDA:25,1,5,1
BRDA:25,1,6,1
BRDA:25,1,7,0
BRDA:25,1,8,2
BRDA:25,1,9,0
BRDA:25,1,10,1
BRDA:25,1,11,0
BRDA:25,1,12,217
BRDA:63,2,0,1
BRDA:63,2,1,1
BRDA:75,3,0,2
BRDA:75,3,1,0
BRDA:78,4,0,2
BRDA:78,4,1,1
BRDA:94,5,0,1
BRDA:94,5,1,0
BRF:22
BRH:17
end_of_record
TN:
SF:src\utils\api.js
FNF:0
FNH:0
DA:3,0
LF:1
LH:0
BRF:0
BRH:0
end_of_record
TN:
SF:src\utils\auth.js
FN:3,(anonymous_0)
FNF:1
FNH:0
FNDA:0,(anonymous_0)
DA:3,0
DA:4,0
DA:5,0
DA:6,0
DA:7,0
DA:9,0
LF:6
LH:0
BRF:0
BRH:0
end_of_record
TN:
SF:src\utils\axiosConfig.js
FN:10,(anonymous_0)
FN:17,(anonymous_1)
FN:22,(anonymous_2)
FN:23,(anonymous_3)
FNF:4
FNH:0
FNDA:0,(anonymous_0)
FNDA:0,(anonymous_1)
FNDA:0,(anonymous_2)
FNDA:0,(anonymous_3)
DA:3,0
DA:9,0
DA:11,0
DA:12,0
DA:13,0
DA:15,0
DA:17,0
DA:21,0
DA:22,0
DA:24,0
DA:27,0
DA:28,0
DA:30,0
DA:32,0
DA:35,0
DA:37,0
DA:38,0
DA:42,0
LF:18
LH:0
BRDA:12,0,0,0
BRDA:12,0,1,0
BRDA:27,1,0,0
BRDA:27,1,1,0
BRDA:27,2,0,0
BRDA:27,2,1,0
BRF:6
BRH:0
end_of_record
TN:
SF:src\utils\customToggle.js
FN:3,(anonymous_0)
FN:7,(anonymous_1)
FNF:2
FNH:2
FNDA:59,(anonymous_0)
FNDA:8,(anonymous_1)
DA:3,2
DA:4,59
DA:8,8
DA:9,8
LF:4
LH:4
BRF:0
BRH:0
end_of_record
TN:
SF:src\utils\driveAuthUtils.js
FN:1,(anonymous_0)
FNF:1
FNH:1
FNDA:2,(anonymous_0)
DA:1,3
DA:2,2
DA:4,2
DA:6,2
DA:9,2
DA:10,2
DA:15,2
DA:16,1
DA:19,1
DA:20,1
DA:23,1
DA:25,1
DA:26,1
DA:27,1
LF:14
LH:14
BRDA:15,0,0,1
BRDA:15,0,1,1
BRF:2
BRH:2
end_of_record
TN:
SF:src\utils\utils.js
FN:1,(anonymous_0)
FN:2,(anonymous_1)
FN:7,(anonymous_2)
FN:12,(anonymous_3)
FN:21,(anonymous_4)
FN:53,(anonymous_5)
FNF:6
FNH:3
FNDA:30,(anonymous_0)
FNDA:30,(anonymous_1)
FNDA:36,(anonymous_2)
FNDA:0,(anonymous_3)
FNDA:0,(anonymous_4)
FNDA:0,(anonymous_5)
DA:1,7
DA:2,30
DA:3,30
DA:7,7
DA:8,36
DA:9,36
DA:12,7
DA:13,0
DA:14,0
DA:16,0
DA:18,0
DA:19,0
DA:21,0
DA:22,0
DA:23,0
DA:25,0
DA:27,0
DA:28,0
DA:29,0
DA:31,0
DA:32,0
DA:33,0
DA:34,0
DA:36,0
DA:37,0
DA:38,0
DA:42,0
DA:46,0
DA:47,0
DA:50,0
DA:53,7
DA:54,0
DA:57,0
DA:60,0
DA:67,0
DA:70,0
DA:73,0
DA:74,0
DA:75,0
DA:78,0
DA:81,0
DA:82,0
DA:85,0
DA:87,0
LF:44
LH:8
BRDA:25,0,0,0
BRDA:25,0,1,0
BRDA:27,1,0,0
BRDA:27,1,1,0
BRDA:32,2,0,0
BRDA:32,2,1,0
BRDA:33,3,0,0
BRDA:33,3,1,0
BRDA:33,4,0,0
BRDA:33,4,1,0
BRDA:46,5,0,0
BRDA:46,5,1,0
BRDA:54,6,0,0
BRDA:54,6,1,0
BRF:14
BRH:0
end_of_record
